#
# A fatal error has been detected by the Java Runtime Environment:
#
#  SIGSEGV (0xb) at pc=0x00007f88ae4e43bc, pid=7722, tid=7723
#
# JRE version: OpenJDK Runtime Environment (10.0.2+13) (build 10.0.2+13)
# Java VM: OpenJDK 64-Bit Server VM (10.0.2+13, mixed mode, tiered, compressed oops, g1 gc, linux-amd64)
# Problematic frame:
# V  [libjvm.so+0x8133bc]
#
# Core dump will be written. Default location: Core dumps may be processed with "/usr/lib/systemd/systemd-coredump %P %u %g %s %t %c %h %e" (or dumping to /home/taylorallen/Desktop/School/CSC-130/WordCount/WordCountProject/core.7722)
#
# If you would like to submit a bug report, please visit:
#   http://bugreport.java.com/bugreport/crash.jsp
#

---------------  S U M M A R Y ------------

Command Line: WordCount -b -frequency

Host: Intel(R) Core(TM) i5-2415M CPU @ 2.30GHz, 4 cores, 7G, Manjaro Linux
Time: Thu Oct 25 12:32:37 2018 PDT elapsed time: 0 seconds (0d 0h 0m 0s)

---------------  T H R E A D  ---------------

Current thread (0x00007f88a8011000):  JavaThread "main" [_thread_in_vm, id=7723, stack(0x00007f88ad8a2000,0x00007f88ad9a3000)]

Stack: [0x00007f88ad8a2000,0x00007f88ad9a3000],  sp=0x00007f88ad9a13d0,  free space=1020k
Native frames: (J=compiled Java code, A=aot compiled Java code, j=interpreted, Vv=VM code, C=native code)
V  [libjvm.so+0x8133bc]
V  [libjvm.so+0x813605]
V  [libjvm.so+0x9a97d9]
V  [libjvm.so+0x9ac8ee]
V  [libjvm.so+0x9ace53]
V  [libjvm.so+0x9af872]
V  [libjvm.so+0x83736f]
V  [libjvm.so+0x837be5]
j  java.lang.Thread.exit()V+12 java.base@10.0.2
v  ~StubRoutines::call_stub
V  [libjvm.so+0x840aaa]
V  [libjvm.so+0x83f112]
V  [libjvm.so+0x83f1f1]
V  [libjvm.so+0xcacf62]
V  [libjvm.so+0x84d988]
C  [libjli.so+0x445b]
C  [libpthread.so.0+0x7a9d]  start_thread+0xfd

Java frames: (J=compiled Java code, j=interpreted, Vv=VM code)
j  java.lang.Thread.exit()V+12 java.base@10.0.2
v  ~StubRoutines::call_stub

siginfo: si_signo: 11 (SIGSEGV), si_code: 128 (SI_KERNEL), si_addr: 0x0000000000000000

Register to memory mapping:

RAX=0x000000000000001e is an unknown value
RBX=0x0000000000000028 is an unknown value
RCX=0x0000000000000001 is an unknown value
RDX=0x00007f88ac0538b0 is an unknown value
RSP=0x00007f88ad9a13d0 is pointing into the stack for thread: 0x00007f88a8011000
RBP=0x00007f88ad9a13f0 is pointing into the stack for thread: 0x00007f88a8011000
RSI=0x00007f88ac066d70 is an unknown value
RDI=0x00007f888c2c6858 is pointing into metadata
R8 =0x000000000000001f is an unknown value
R9 =0x0001000300030004 is an unknown value
R10=0x0000000000000021 is an unknown value
R11=0x000000000000001f is an unknown value
R12=0x00007f888c2c5bf0 is pointing into metadata
R13=0x0000000000000071 is an unknown value
R14=0x00007f888c2c6858 is pointing into metadata
R15=0x0000000000000001 is an unknown value


Registers:
RAX=0x000000000000001e, RBX=0x0000000000000028, RCX=0x0000000000000001, RDX=0x00007f88ac0538b0
RSP=0x00007f88ad9a13d0, RBP=0x00007f88ad9a13f0, RSI=0x00007f88ac066d70, RDI=0x00007f888c2c6858
R8 =0x000000000000001f, R9 =0x0001000300030004, R10=0x0000000000000021, R11=0x000000000000001f
R12=0x00007f888c2c5bf0, R13=0x0000000000000071, R14=0x00007f888c2c6858, R15=0x0000000000000001
RIP=0x00007f88ae4e43bc, EFLAGS=0x0000000000010203, CSGSFS=0x002b000000000033, ERR=0x0000000000000000
  TRAPNO=0x000000000000000d

Top of Stack: (sp=0x00007f88ad9a13d0)
0x00007f88ad9a13d0:   0000000100006ac8 00007f88ac0538b0
0x00007f88ad9a13e0:   00007f88ac066d70 00007f888c2c6858
0x00007f88ad9a13f0:   00007f88ad9a1420 00007f88ae4e4605
0x00007f88ad9a1400:   0000000100006ac8 0000000000000000 

Instructions: (pc=0x00007f88ae4e43bc)
0x00007f88ae4e439c:   eb 0b 66 90 41 8d 40 01 44 39 d0 7f 2e 45 8d 04
0x00007f88ae4e43ac:   02 41 d1 f8 4d 63 d8 4e 8b 4c df 08 4d 8b 49 08
0x00007f88ae4e43bc:   4d 8b 61 08 45 0f b7 69 2a 4b 39 74 ec 40 72 d4
0x00007f88ae4e43cc:   74 1a 45 8d 50 ff 44 39 d0 7e d2 b8 ff ff ff ff 


---------------  P R O C E S S  ---------------

Threads class SMR info:
_java_thread_list=0x00007f88a81c02e0, length=10, elements={
0x00007f88a8011000, 0x00007f88a8130800, 0x00007f88a8132800, 0x00007f88a813b800,
0x00007f88a8146000, 0x00007f88a8148000, 0x00007f88a814a000, 0x00007f88a814c000,
0x00007f88a81b8800, 0x00007f88a81c6800
}

Java Threads: ( => current thread )
=>0x00007f88a8011000 JavaThread "main" [_thread_in_vm, id=7723, stack(0x00007f88ad8a2000,0x00007f88ad9a3000)]
  0x00007f88a8130800 JavaThread "Reference Handler" daemon [_thread_blocked, id=7738, stack(0x00007f888c00f000,0x00007f888c110000)]
  0x00007f88a8132800 JavaThread "Finalizer" daemon [_thread_blocked, id=7739, stack(0x00007f887c027000,0x00007f887c128000)]
  0x00007f88a813b800 JavaThread "Signal Dispatcher" daemon [_thread_blocked, id=7740, stack(0x00007f8853c1a000,0x00007f8853d1b000)]
  0x00007f88a8146000 JavaThread "C2 CompilerThread0" daemon [_thread_blocked, id=7741, stack(0x00007f8853b19000,0x00007f8853c1a000)]
  0x00007f88a8148000 JavaThread "C2 CompilerThread1" daemon [_thread_blocked, id=7742, stack(0x00007f8853a18000,0x00007f8853b19000)]
  0x00007f88a814a000 JavaThread "C1 CompilerThread2" daemon [_thread_in_native, id=7743, stack(0x00007f8853917000,0x00007f8853a18000)]
  0x00007f88a814c000 JavaThread "Sweeper thread" daemon [_thread_blocked, id=7744, stack(0x00007f8853816000,0x00007f8853917000)]
  0x00007f88a81b8800 JavaThread "Service Thread" daemon [_thread_blocked, id=7745, stack(0x00007f8853715000,0x00007f8853816000)]
  0x00007f88a81c6800 JavaThread "Common-Cleaner" daemon [_thread_blocked, id=7747, stack(0x00007f8853512000,0x00007f8853613000)]

Other Threads:
  0x00007f88a8127000 VMThread "VM Thread" [stack: 0x00007f888c112000,0x00007f888c212000] [id=7737]
  0x00007f88a81ba800 WatcherThread [stack: 0x00007f8853615000,0x00007f8853715000] [id=7746]
  0x00007f88a8027000 GCTaskThread "GC Thread#0" [stack: 0x00007f88acd78000,0x00007f88ace78000] [id=7724]
  0x00007f88a8028800 GCTaskThread "GC Thread#1" [stack: 0x00007f88acc76000,0x00007f88acd76000] [id=7725]
  0x00007f88a802a000 GCTaskThread "GC Thread#2" [stack: 0x00007f88acb74000,0x00007f88acc74000] [id=7726]
  0x00007f88a802c000 GCTaskThread "GC Thread#3" [stack: 0x00007f88aca72000,0x00007f88acb72000] [id=7727]
  0x00007f88a8055000 ConcurrentGCThread "G1 Main Marker" [stack: 0x00007f88ac0d3000,0x00007f88ac1d3000] [id=7729]
  0x00007f88a8057000 ConcurrentGCThread "G1 Conc#0" [stack: 0x00007f888d398000,0x00007f888d498000] [id=7730]
  0x00007f88a80bf000 ConcurrentGCThread "G1 Refine#0" [stack: 0x00007f888ce92000,0x00007f888cf92000] [id=7731]
  0x00007f88a80c0800 ConcurrentGCThread "G1 Refine#1" [stack: 0x00007f888cd90000,0x00007f888ce90000] [id=7732]
  0x00007f88a80c2800 ConcurrentGCThread "G1 Refine#2" [stack: 0x00007f888cc8e000,0x00007f888cd8e000] [id=7733]
  0x00007f88a80c4000 ConcurrentGCThread "G1 Refine#3" [stack: 0x00007f888cb8c000,0x00007f888cc8c000] [id=7734]
  0x00007f88a80c6000 ConcurrentGCThread "G1 Young RemSet Sampling" [stack: 0x00007f888ca8a000,0x00007f888cb8a000] [id=7735]

Threads with active compile tasks:
C1 CompilerThread2 211       3       jdk.internal.org.objectweb.asm.Frame::execute (2264 bytes)

VM state:not at safepoint (normal execution)

VM Mutex/Monitor currently owned by a thread: None

Heap address: 0x0000000084a00000, size: 1974 MB, Compressed Oops mode: 32-bit
Narrow klass base: 0x0000000000000000, Narrow klass shift: 3
Compressed class space size: 1073741824 Address: 0x0000000100000000

Heap:
 garbage-first heap   total 126976K, used 1024K [0x0000000084a00000, 0x0000000100000000)
  region size 1024K, 2 young (2048K), 0 survivors (0K)
 Metaspace       used 4906K, capacity 4927K, committed 5120K, reserved 1056768K
  class space    used 395K, capacity 405K, committed 512K, reserved 1048576K
Heap Regions: E=young(eden), S=young(survivor), O=old, HS=humongous(starts), HC=humongous(continues), CS=collection set, F=free, A=archive, TS=gc time stamp, AC=allocation context, TAMS=top-at-mark-start (previous, next)
|   0|0x0000000084a00000, 0x0000000084a00000, 0x0000000084b00000|  0%| F|  |TS  0|AC  0|TAMS 0x0000000084a00000, 0x0000000084a00000|
|   1|0x0000000084b00000, 0x0000000084b00000, 0x0000000084c00000|  0%| F|  |TS  0|AC  0|TAMS 0x0000000084b00000, 0x0000000084b00000|
|   2|0x0000000084c00000, 0x0000000084c00000, 0x0000000084d00000|  0%| F|  |TS  0|AC  0|TAMS 0x0000000084c00000, 0x0000000084c00000|
|   3|0x0000000084d00000, 0x0000000084d00000, 0x0000000084e00000|  0%| F|  |TS  0|AC  0|TAMS 0x0000000084d00000, 0x0000000084d00000|
|   4|0x0000000084e00000, 0x0000000084e00000, 0x0000000084f00000|  0%| F|  |TS  0|AC  0|TAMS 0x0000000084e00000, 0x0000000084e00000|
|   5|0x0000000084f00000, 0x0000000084f00000, 0x0000000085000000|  0%| F|  |TS  0|AC  0|TAMS 0x0000000084f00000, 0x0000000084f00000|
|   6|0x0000000085000000, 0x0000000085000000, 0x0000000085100000|  0%| F|  |TS  0|AC  0|TAMS 0x0000000085000000, 0x0000000085000000|
|   7|0x0000000085100000, 0x0000000085100000, 0x0000000085200000|  0%| F|  |TS  0|AC  0|TAMS 0x0000000085100000, 0x0000000085100000|
|   8|0x0000000085200000, 0x0000000085200000, 0x0000000085300000|  0%| F|  |TS  0|AC  0|TAMS 0x0000000085200000, 0x0000000085200000|
|   9|0x0000000085300000, 0x0000000085300000, 0x0000000085400000|  0%| F|  |TS  0|AC  0|TAMS 0x0000000085300000, 0x0000000085300000|
|  10|0x0000000085400000, 0x0000000085400000, 0x0000000085500000|  0%| F|  |TS  0|AC  0|TAMS 0x0000000085400000, 0x0000000085400000|
|  11|0x0000000085500000, 0x0000000085500000, 0x0000000085600000|  0%| F|  |TS  0|AC  0|TAMS 0x0000000085500000, 0x0000000085500000|
|  12|0x0000000085600000, 0x0000000085600000, 0x0000000085700000|  0%| F|  |TS  0|AC  0|TAMS 0x0000000085600000, 0x0000000085600000|
|  13|0x0000000085700000, 0x0000000085700000, 0x0000000085800000|  0%| F|  |TS  0|AC  0|TAMS 0x0000000085700000, 0x0000000085700000|
|  14|0x0000000085800000, 0x0000000085800000, 0x0000000085900000|  0%| F|  |TS  0|AC  0|TAMS 0x0000000085800000, 0x0000000085800000|
|  15|0x0000000085900000, 0x0000000085900000, 0x0000000085a00000|  0%| F|  |TS  0|AC  0|TAMS 0x0000000085900000, 0x0000000085900000|
|  16|0x0000000085a00000, 0x0000000085a00000, 0x0000000085b00000|  0%| F|  |TS  0|AC  0|TAMS 0x0000000085a00000, 0x0000000085a00000|
|  17|0x0000000085b00000, 0x0000000085b00000, 0x0000000085c00000|  0%| F|  |TS  0|AC  0|TAMS 0x0000000085b00000, 0x0000000085b00000|
|  18|0x0000000085c00000, 0x0000000085c00000, 0x0000000085d00000|  0%| F|  |TS  0|AC  0|TAMS 0x0000000085c00000, 0x0000000085c00000|
|  19|0x0000000085d00000, 0x0000000085d00000, 0x0000000085e00000|  0%| F|  |TS  0|AC  0|TAMS 0x0000000085d00000, 0x0000000085d00000|
|  20|0x0000000085e00000, 0x0000000085e00000, 0x0000000085f00000|  0%| F|  |TS  0|AC  0|TAMS 0x0000000085e00000, 0x0000000085e00000|
|  21|0x0000000085f00000, 0x0000000085f00000, 0x0000000086000000|  0%| F|  |TS  0|AC  0|TAMS 0x0000000085f00000, 0x0000000085f00000|
|  22|0x0000000086000000, 0x0000000086000000, 0x0000000086100000|  0%| F|  |TS  0|AC  0|TAMS 0x0000000086000000, 0x0000000086000000|
|  23|0x0000000086100000, 0x0000000086100000, 0x0000000086200000|  0%| F|  |TS  0|AC  0|TAMS 0x0000000086100000, 0x0000000086100000|
|  24|0x0000000086200000, 0x0000000086200000, 0x0000000086300000|  0%| F|  |TS  0|AC  0|TAMS 0x0000000086200000, 0x0000000086200000|
|  25|0x0000000086300000, 0x0000000086300000, 0x0000000086400000|  0%| F|  |TS  0|AC  0|TAMS 0x0000000086300000, 0x0000000086300000|
|  26|0x0000000086400000, 0x0000000086400000, 0x0000000086500000|  0%| F|  |TS  0|AC  0|TAMS 0x0000000086400000, 0x0000000086400000|
|  27|0x0000000086500000, 0x0000000086500000, 0x0000000086600000|  0%| F|  |TS  0|AC  0|TAMS 0x0000000086500000, 0x0000000086500000|
|  28|0x0000000086600000, 0x0000000086600000, 0x0000000086700000|  0%| F|  |TS  0|AC  0|TAMS 0x0000000086600000, 0x0000000086600000|
|  29|0x0000000086700000, 0x0000000086700000, 0x0000000086800000|  0%| F|  |TS  0|AC  0|TAMS 0x0000000086700000, 0x0000000086700000|
|  30|0x0000000086800000, 0x0000000086800000, 0x0000000086900000|  0%| F|  |TS  0|AC  0|TAMS 0x0000000086800000, 0x0000000086800000|
|  31|0x0000000086900000, 0x0000000086900000, 0x0000000086a00000|  0%| F|  |TS  0|AC  0|TAMS 0x0000000086900000, 0x0000000086900000|
|  32|0x0000000086a00000, 0x0000000086a00000, 0x0000000086b00000|  0%| F|  |TS  0|AC  0|TAMS 0x0000000086a00000, 0x0000000086a00000|
|  33|0x0000000086b00000, 0x0000000086b00000, 0x0000000086c00000|  0%| F|  |TS  0|AC  0|TAMS 0x0000000086b00000, 0x0000000086b00000|
|  34|0x0000000086c00000, 0x0000000086c00000, 0x0000000086d00000|  0%| F|  |TS  0|AC  0|TAMS 0x0000000086c00000, 0x0000000086c00000|
|  35|0x0000000086d00000, 0x0000000086d00000, 0x0000000086e00000|  0%| F|  |TS  0|AC  0|TAMS 0x0000000086d00000, 0x0000000086d00000|
|  36|0x0000000086e00000, 0x0000000086e00000, 0x0000000086f00000|  0%| F|  |TS  0|AC  0|TAMS 0x0000000086e00000, 0x0000000086e00000|
|  37|0x0000000086f00000, 0x0000000086f00000, 0x0000000087000000|  0%| F|  |TS  0|AC  0|TAMS 0x0000000086f00000, 0x0000000086f00000|
|  38|0x0000000087000000, 0x0000000087000000, 0x0000000087100000|  0%| F|  |TS  0|AC  0|TAMS 0x0000000087000000, 0x0000000087000000|
|  39|0x0000000087100000, 0x0000000087100000, 0x0000000087200000|  0%| F|  |TS  0|AC  0|TAMS 0x0000000087100000, 0x0000000087100000|
|  40|0x0000000087200000, 0x0000000087200000, 0x0000000087300000|  0%| F|  |TS  0|AC  0|TAMS 0x0000000087200000, 0x0000000087200000|
|  41|0x0000000087300000, 0x0000000087300000, 0x0000000087400000|  0%| F|  |TS  0|AC  0|TAMS 0x0000000087300000, 0x0000000087300000|
|  42|0x0000000087400000, 0x0000000087400000, 0x0000000087500000|  0%| F|  |TS  0|AC  0|TAMS 0x0000000087400000, 0x0000000087400000|
|  43|0x0000000087500000, 0x0000000087500000, 0x0000000087600000|  0%| F|  |TS  0|AC  0|TAMS 0x0000000087500000, 0x0000000087500000|
|  44|0x0000000087600000, 0x0000000087600000, 0x0000000087700000|  0%| F|  |TS  0|AC  0|TAMS 0x0000000087600000, 0x0000000087600000|
|  45|0x0000000087700000, 0x0000000087700000, 0x0000000087800000|  0%| F|  |TS  0|AC  0|TAMS 0x0000000087700000, 0x0000000087700000|
|  46|0x0000000087800000, 0x0000000087800000, 0x0000000087900000|  0%| F|  |TS  0|AC  0|TAMS 0x0000000087800000, 0x0000000087800000|
|  47|0x0000000087900000, 0x0000000087900000, 0x0000000087a00000|  0%| F|  |TS  0|AC  0|TAMS 0x0000000087900000, 0x0000000087900000|
|  48|0x0000000087a00000, 0x0000000087a00000, 0x0000000087b00000|  0%| F|  |TS  0|AC  0|TAMS 0x0000000087a00000, 0x0000000087a00000|
|  49|0x0000000087b00000, 0x0000000087b00000, 0x0000000087c00000|  0%| F|  |TS  0|AC  0|TAMS 0x0000000087b00000, 0x0000000087b00000|
|  50|0x0000000087c00000, 0x0000000087c00000, 0x0000000087d00000|  0%| F|  |TS  0|AC  0|TAMS 0x0000000087c00000, 0x0000000087c00000|
|  51|0x0000000087d00000, 0x0000000087d00000, 0x0000000087e00000|  0%| F|  |TS  0|AC  0|TAMS 0x0000000087d00000, 0x0000000087d00000|
|  52|0x0000000087e00000, 0x0000000087e00000, 0x0000000087f00000|  0%| F|  |TS  0|AC  0|TAMS 0x0000000087e00000, 0x0000000087e00000|
|  53|0x0000000087f00000, 0x0000000087f00000, 0x0000000088000000|  0%| F|  |TS  0|AC  0|TAMS 0x0000000087f00000, 0x0000000087f00000|
|  54|0x0000000088000000, 0x0000000088000000, 0x0000000088100000|  0%| F|  |TS  0|AC  0|TAMS 0x0000000088000000, 0x0000000088000000|
|  55|0x0000000088100000, 0x0000000088100000, 0x0000000088200000|  0%| F|  |TS  0|AC  0|TAMS 0x0000000088100000, 0x0000000088100000|
|  56|0x0000000088200000, 0x0000000088200000, 0x0000000088300000|  0%| F|  |TS  0|AC  0|TAMS 0x0000000088200000, 0x0000000088200000|
|  57|0x0000000088300000, 0x0000000088300000, 0x0000000088400000|  0%| F|  |TS  0|AC  0|TAMS 0x0000000088300000, 0x0000000088300000|
|  58|0x0000000088400000, 0x0000000088400000, 0x0000000088500000|  0%| F|  |TS  0|AC  0|TAMS 0x0000000088400000, 0x0000000088400000|
|  59|0x0000000088500000, 0x0000000088500000, 0x0000000088600000|  0%| F|  |TS  0|AC  0|TAMS 0x0000000088500000, 0x0000000088500000|
|  60|0x0000000088600000, 0x0000000088600000, 0x0000000088700000|  0%| F|  |TS  0|AC  0|TAMS 0x0000000088600000, 0x0000000088600000|
|  61|0x0000000088700000, 0x0000000088700000, 0x0000000088800000|  0%| F|  |TS  0|AC  0|TAMS 0x0000000088700000, 0x0000000088700000|
|  62|0x0000000088800000, 0x0000000088800000, 0x0000000088900000|  0%| F|  |TS  0|AC  0|TAMS 0x0000000088800000, 0x0000000088800000|
|  63|0x0000000088900000, 0x0000000088900000, 0x0000000088a00000|  0%| F|  |TS  0|AC  0|TAMS 0x0000000088900000, 0x0000000088900000|
|  64|0x0000000088a00000, 0x0000000088a00000, 0x0000000088b00000|  0%| F|  |TS  0|AC  0|TAMS 0x0000000088a00000, 0x0000000088a00000|
|  65|0x0000000088b00000, 0x0000000088b00000, 0x0000000088c00000|  0%| F|  |TS  0|AC  0|TAMS 0x0000000088b00000, 0x0000000088b00000|
|  66|0x0000000088c00000, 0x0000000088c00000, 0x0000000088d00000|  0%| F|  |TS  0|AC  0|TAMS 0x0000000088c00000, 0x0000000088c00000|
|  67|0x0000000088d00000, 0x0000000088d00000, 0x0000000088e00000|  0%| F|  |TS  0|AC  0|TAMS 0x0000000088d00000, 0x0000000088d00000|
|  68|0x0000000088e00000, 0x0000000088e00000, 0x0000000088f00000|  0%| F|  |TS  0|AC  0|TAMS 0x0000000088e00000, 0x0000000088e00000|
|  69|0x0000000088f00000, 0x0000000088f00000, 0x0000000089000000|  0%| F|  |TS  0|AC  0|TAMS 0x0000000088f00000, 0x0000000088f00000|
|  70|0x0000000089000000, 0x0000000089000000, 0x0000000089100000|  0%| F|  |TS  0|AC  0|TAMS 0x0000000089000000, 0x0000000089000000|
|  71|0x0000000089100000, 0x0000000089100000, 0x0000000089200000|  0%| F|  |TS  0|AC  0|TAMS 0x0000000089100000, 0x0000000089100000|
|  72|0x0000000089200000, 0x0000000089200000, 0x0000000089300000|  0%| F|  |TS  0|AC  0|TAMS 0x0000000089200000, 0x0000000089200000|
|  73|0x0000000089300000, 0x0000000089300000, 0x0000000089400000|  0%| F|  |TS  0|AC  0|TAMS 0x0000000089300000, 0x0000000089300000|
|  74|0x0000000089400000, 0x0000000089400000, 0x0000000089500000|  0%| F|  |TS  0|AC  0|TAMS 0x0000000089400000, 0x0000000089400000|
|  75|0x0000000089500000, 0x0000000089500000, 0x0000000089600000|  0%| F|  |TS  0|AC  0|TAMS 0x0000000089500000, 0x0000000089500000|
|  76|0x0000000089600000, 0x0000000089600000, 0x0000000089700000|  0%| F|  |TS  0|AC  0|TAMS 0x0000000089600000, 0x0000000089600000|
|  77|0x0000000089700000, 0x0000000089700000, 0x0000000089800000|  0%| F|  |TS  0|AC  0|TAMS 0x0000000089700000, 0x0000000089700000|
|  78|0x0000000089800000, 0x0000000089800000, 0x0000000089900000|  0%| F|  |TS  0|AC  0|TAMS 0x0000000089800000, 0x0000000089800000|
|  79|0x0000000089900000, 0x0000000089900000, 0x0000000089a00000|  0%| F|  |TS  0|AC  0|TAMS 0x0000000089900000, 0x0000000089900000|
|  80|0x0000000089a00000, 0x0000000089a00000, 0x0000000089b00000|  0%| F|  |TS  0|AC  0|TAMS 0x0000000089a00000, 0x0000000089a00000|
|  81|0x0000000089b00000, 0x0000000089b00000, 0x0000000089c00000|  0%| F|  |TS  0|AC  0|TAMS 0x0000000089b00000, 0x0000000089b00000|
|  82|0x0000000089c00000, 0x0000000089c00000, 0x0000000089d00000|  0%| F|  |TS  0|AC  0|TAMS 0x0000000089c00000, 0x0000000089c00000|
|  83|0x0000000089d00000, 0x0000000089d00000, 0x0000000089e00000|  0%| F|  |TS  0|AC  0|TAMS 0x0000000089d00000, 0x0000000089d00000|
|  84|0x0000000089e00000, 0x0000000089e00000, 0x0000000089f00000|  0%| F|  |TS  0|AC  0|TAMS 0x0000000089e00000, 0x0000000089e00000|
|  85|0x0000000089f00000, 0x0000000089f00000, 0x000000008a000000|  0%| F|  |TS  0|AC  0|TAMS 0x0000000089f00000, 0x0000000089f00000|
|  86|0x000000008a000000, 0x000000008a000000, 0x000000008a100000|  0%| F|  |TS  0|AC  0|TAMS 0x000000008a000000, 0x000000008a000000|
|  87|0x000000008a100000, 0x000000008a100000, 0x000000008a200000|  0%| F|  |TS  0|AC  0|TAMS 0x000000008a100000, 0x000000008a100000|
|  88|0x000000008a200000, 0x000000008a200000, 0x000000008a300000|  0%| F|  |TS  0|AC  0|TAMS 0x000000008a200000, 0x000000008a200000|
|  89|0x000000008a300000, 0x000000008a300000, 0x000000008a400000|  0%| F|  |TS  0|AC  0|TAMS 0x000000008a300000, 0x000000008a300000|
|  90|0x000000008a400000, 0x000000008a400000, 0x000000008a500000|  0%| F|  |TS  0|AC  0|TAMS 0x000000008a400000, 0x000000008a400000|
|  91|0x000000008a500000, 0x000000008a500000, 0x000000008a600000|  0%| F|  |TS  0|AC  0|TAMS 0x000000008a500000, 0x000000008a500000|
|  92|0x000000008a600000, 0x000000008a600000, 0x000000008a700000|  0%| F|  |TS  0|AC  0|TAMS 0x000000008a600000, 0x000000008a600000|
|  93|0x000000008a700000, 0x000000008a700000, 0x000000008a800000|  0%| F|  |TS  0|AC  0|TAMS 0x000000008a700000, 0x000000008a700000|
|  94|0x000000008a800000, 0x000000008a800000, 0x000000008a900000|  0%| F|  |TS  0|AC  0|TAMS 0x000000008a800000, 0x000000008a800000|
|  95|0x000000008a900000, 0x000000008a900000, 0x000000008aa00000|  0%| F|  |TS  0|AC  0|TAMS 0x000000008a900000, 0x000000008a900000|
|  96|0x000000008aa00000, 0x000000008aa00000, 0x000000008ab00000|  0%| F|  |TS  0|AC  0|TAMS 0x000000008aa00000, 0x000000008aa00000|
|  97|0x000000008ab00000, 0x000000008ab00000, 0x000000008ac00000|  0%| F|  |TS  0|AC  0|TAMS 0x000000008ab00000, 0x000000008ab00000|
|  98|0x000000008ac00000, 0x000000008ac00000, 0x000000008ad00000|  0%| F|  |TS  0|AC  0|TAMS 0x000000008ac00000, 0x000000008ac00000|
|  99|0x000000008ad00000, 0x000000008ad00000, 0x000000008ae00000|  0%| F|  |TS  0|AC  0|TAMS 0x000000008ad00000, 0x000000008ad00000|
| 100|0x000000008ae00000, 0x000000008ae00000, 0x000000008af00000|  0%| F|  |TS  0|AC  0|TAMS 0x000000008ae00000, 0x000000008ae00000|
| 101|0x000000008af00000, 0x000000008af00000, 0x000000008b000000|  0%| F|  |TS  0|AC  0|TAMS 0x000000008af00000, 0x000000008af00000|
| 102|0x000000008b000000, 0x000000008b000000, 0x000000008b100000|  0%| F|  |TS  0|AC  0|TAMS 0x000000008b000000, 0x000000008b000000|
| 103|0x000000008b100000, 0x000000008b100000, 0x000000008b200000|  0%| F|  |TS  0|AC  0|TAMS 0x000000008b100000, 0x000000008b100000|
| 104|0x000000008b200000, 0x000000008b200000, 0x000000008b300000|  0%| F|  |TS  0|AC  0|TAMS 0x000000008b200000, 0x000000008b200000|
| 105|0x000000008b300000, 0x000000008b300000, 0x000000008b400000|  0%| F|  |TS  0|AC  0|TAMS 0x000000008b300000, 0x000000008b300000|
| 106|0x000000008b400000, 0x000000008b400000, 0x000000008b500000|  0%| F|  |TS  0|AC  0|TAMS 0x000000008b400000, 0x000000008b400000|
| 107|0x000000008b500000, 0x000000008b500000, 0x000000008b600000|  0%| F|  |TS  0|AC  0|TAMS 0x000000008b500000, 0x000000008b500000|
| 108|0x000000008b600000, 0x000000008b600000, 0x000000008b700000|  0%| F|  |TS  0|AC  0|TAMS 0x000000008b600000, 0x000000008b600000|
| 109|0x000000008b700000, 0x000000008b700000, 0x000000008b800000|  0%| F|  |TS  0|AC  0|TAMS 0x000000008b700000, 0x000000008b700000|
| 110|0x000000008b800000, 0x000000008b800000, 0x000000008b900000|  0%| F|  |TS  0|AC  0|TAMS 0x000000008b800000, 0x000000008b800000|
| 111|0x000000008b900000, 0x000000008b900000, 0x000000008ba00000|  0%| F|  |TS  0|AC  0|TAMS 0x000000008b900000, 0x000000008b900000|
| 112|0x000000008ba00000, 0x000000008ba00000, 0x000000008bb00000|  0%| F|  |TS  0|AC  0|TAMS 0x000000008ba00000, 0x000000008ba00000|
| 113|0x000000008bb00000, 0x000000008bb00000, 0x000000008bc00000|  0%| F|  |TS  0|AC  0|TAMS 0x000000008bb00000, 0x000000008bb00000|
| 114|0x000000008bc00000, 0x000000008bc00000, 0x000000008bd00000|  0%| F|  |TS  0|AC  0|TAMS 0x000000008bc00000, 0x000000008bc00000|
| 115|0x000000008bd00000, 0x000000008bd00000, 0x000000008be00000|  0%| F|  |TS  0|AC  0|TAMS 0x000000008bd00000, 0x000000008bd00000|
| 116|0x000000008be00000, 0x000000008be00000, 0x000000008bf00000|  0%| F|  |TS  0|AC  0|TAMS 0x000000008be00000, 0x000000008be00000|
| 117|0x000000008bf00000, 0x000000008bf00000, 0x000000008c000000|  0%| F|  |TS  0|AC  0|TAMS 0x000000008bf00000, 0x000000008bf00000|
| 118|0x000000008c000000, 0x000000008c000000, 0x000000008c100000|  0%| F|  |TS  0|AC  0|TAMS 0x000000008c000000, 0x000000008c000000|
| 119|0x000000008c100000, 0x000000008c100000, 0x000000008c200000|  0%| F|  |TS  0|AC  0|TAMS 0x000000008c100000, 0x000000008c100000|
| 120|0x000000008c200000, 0x000000008c200000, 0x000000008c300000|  0%| F|  |TS  0|AC  0|TAMS 0x000000008c200000, 0x000000008c200000|
| 121|0x000000008c300000, 0x000000008c300000, 0x000000008c400000|  0%| F|  |TS  0|AC  0|TAMS 0x000000008c300000, 0x000000008c300000|
| 122|0x000000008c400000, 0x000000008c48fe80, 0x000000008c500000| 56%| E|  |TS  0|AC  0|TAMS 0x000000008c400000, 0x000000008c400000|
| 123|0x000000008c500000, 0x000000008c600000, 0x000000008c600000|100%| E|CS|TS  0|AC  0|TAMS 0x000000008c500000, 0x000000008c500000|

Card table byte_map: [0x00007f888f74b000,0x00007f888fb26000] byte_map_base: 0x00007f888f326000

Marking Bits (Prev, Next): (CMBitMap*) 0x00007f88a80545f0, (CMBitMap*) 0x00007f88a8054628
 Prev Bits: [0x00007f888d498000, 0x00007f888f370000)
 Next Bits: [0x00007f887e128000, 0x00007f8880000000)

Polling page: 0x00007f88af3ad000

CodeHeap 'non-profiled nmethods': size=120032Kb used=60Kb max_used=60Kb free=119971Kb
 bounds [0x00007f88975ee000, 0x00007f889785e000, 0x00007f889eb26000]
CodeHeap 'profiled nmethods': size=120032Kb used=240Kb max_used=240Kb free=119791Kb
 bounds [0x00007f88900b6000, 0x00007f8890326000, 0x00007f88975ee000]
CodeHeap 'non-nmethods': size=5696Kb used=1016Kb max_used=1023Kb free=4679Kb
 bounds [0x00007f888fb26000, 0x00007f888fd96000, 0x00007f88900b6000]
 total_blobs=564 nmethods=207 adapters=212
 compilation: enabled

Compilation events (10 events):
Event: 0.207 Thread 0x00007f88a814a000 nmethod 205 0x00007f88900eee90 code [0x00007f88900ef060, 0x00007f88900ef330]
Event: 0.207 Thread 0x00007f88a814a000  203       3       java.lang.invoke.MemberName::getReferenceKind (12 bytes)
Event: 0.207 Thread 0x00007f88a814a000 nmethod 203 0x00007f88900ef410 code [0x00007f88900ef5c0, 0x00007f88900ef730]
Event: 0.207 Thread 0x00007f88a814a000  207       3       java.lang.invoke.MemberName::initResolved (53 bytes)
Event: 0.207 Thread 0x00007f88a814a000 nmethod 207 0x00007f88900ef790 code [0x00007f88900ef940, 0x00007f88900efb50]
Event: 0.207 Thread 0x00007f88a814a000  208       3       sun.invoke.util.Wrapper::forPrimitiveType (49 bytes)
Event: 0.209 Thread 0x00007f88a814a000 nmethod 208 0x00007f88900efc10 code [0x00007f88900eff80, 0x00007f88900f1268]
Event: 0.209 Thread 0x00007f88a814a000  213       3       java.util.Arrays::equals (57 bytes)
Event: 0.210 Thread 0x00007f88a814a000 nmethod 213 0x00007f88900f1910 code [0x00007f88900f1b00, 0x00007f88900f20a8]
Event: 0.210 Thread 0x00007f88a814a000  211       3       jdk.internal.org.objectweb.asm.Frame::execute (2264 bytes)

GC Heap History (0 events):
No events

Deoptimization events (1 events):
Event: 0.134 Thread 0x00007f88a8011000 Uncommon trap: reason=unstable_if action=reinterpret pc=0x00007f88975f3968 method=java.lang.String.hashCode()I @ 14 c2

Classes redefined (0 events):
No events

Internal exceptions (1 events):
Event: 0.149 Thread 0x00007f88a8011000 Exception <a 'java/lang/ArrayIndexOutOfBoundsException'{0x000000008c415df8}: 2> (0x000000008c415df8) thrown at [/build/java10-openjdk/src/jdk10u-jdk-10.0.2+13/src/hotspot/share/interpreter/interpreterRuntime.cpp, line 372]

Events (10 events):
Event: 0.198 loading class java/lang/invoke/MethodHandles$1
Event: 0.199 loading class java/lang/invoke/MethodHandles$1 done
Event: 0.199 loading class java/lang/invoke/BoundMethodHandle$Species_LLLLLLI
Event: 0.199 loading class java/lang/invoke/BoundMethodHandle$Species_LLLLLLI done
Event: 0.202 loading class sun/invoke/util/ValueConversions$WrapperCache
Event: 0.202 loading class sun/invoke/util/ValueConversions$WrapperCache done
Event: 0.203 loading class java/lang/invoke/BoundMethodHandle$Species_LLLLLLII
Event: 0.203 loading class java/lang/invoke/BoundMethodHandle$Species_LLLLLLII done
Event: 0.206 loading class java/lang/invoke/BoundMethodHandle$Species_LLLLLLIIL
Event: 0.206 loading class java/lang/invoke/BoundMethodHandle$Species_LLLLLLIIL done


Dynamic libraries:
84a00000-8c600000 rw-p 00000000 00:00 0 
8c600000-100000000 ---p 00000000 00:00 0 
100000000-100080000 rw-p 00000000 00:00 0 
100080000-140000000 ---p 00000000 00:00 0 
561967753000-561967754000 r-xp 00000000 08:05 6851893                    /usr/lib/jvm/java-10-openjdk/bin/java
561967953000-561967954000 r--p 00000000 08:05 6851893                    /usr/lib/jvm/java-10-openjdk/bin/java
561967954000-561967955000 rw-p 00001000 08:05 6851893                    /usr/lib/jvm/java-10-openjdk/bin/java
561969738000-561969759000 rw-p 00000000 00:00 0                          [heap]
7f8828000000-7f8828021000 rw-p 00000000 00:00 0 
7f8828021000-7f882c000000 ---p 00000000 00:00 0 
7f8830000000-7f8830021000 rw-p 00000000 00:00 0 
7f8830021000-7f8834000000 ---p 00000000 00:00 0 
7f8834000000-7f8834021000 rw-p 00000000 00:00 0 
7f8834021000-7f8838000000 ---p 00000000 00:00 0 
7f8838000000-7f8838208000 rw-p 00000000 00:00 0 
7f8838208000-7f883c000000 ---p 00000000 00:00 0 
7f883c000000-7f883c021000 rw-p 00000000 00:00 0 
7f883c021000-7f8840000000 ---p 00000000 00:00 0 
7f8840000000-7f8840087000 rw-p 00000000 00:00 0 
7f8840087000-7f8844000000 ---p 00000000 00:00 0 
7f8844000000-7f8844021000 rw-p 00000000 00:00 0 
7f8844021000-7f8848000000 ---p 00000000 00:00 0 
7f8848000000-7f8848021000 rw-p 00000000 00:00 0 
7f8848021000-7f884c000000 ---p 00000000 00:00 0 
7f884c000000-7f884c021000 rw-p 00000000 00:00 0 
7f884c021000-7f8850000000 ---p 00000000 00:00 0 
7f88530e8000-7f88530ff000 r-xp 00000000 08:05 7087948                    /usr/lib/jvm/java-10-openjdk/lib/libnet.so
7f88530ff000-7f88532fe000 ---p 00017000 08:05 7087948                    /usr/lib/jvm/java-10-openjdk/lib/libnet.so
7f88532fe000-7f88532ff000 r--p 00016000 08:05 7087948                    /usr/lib/jvm/java-10-openjdk/lib/libnet.so
7f88532ff000-7f8853300000 rw-p 00017000 08:05 7087948                    /usr/lib/jvm/java-10-openjdk/lib/libnet.so
7f8853300000-7f8853311000 r-xp 00000000 08:05 7087950                    /usr/lib/jvm/java-10-openjdk/lib/libnio.so
7f8853311000-7f8853510000 ---p 00011000 08:05 7087950                    /usr/lib/jvm/java-10-openjdk/lib/libnio.so
7f8853510000-7f8853511000 r--p 00010000 08:05 7087950                    /usr/lib/jvm/java-10-openjdk/lib/libnio.so
7f8853511000-7f8853512000 rw-p 00011000 08:05 7087950                    /usr/lib/jvm/java-10-openjdk/lib/libnio.so
7f8853512000-7f8853516000 ---p 00000000 00:00 0 
7f8853516000-7f8853613000 rw-p 00000000 00:00 0 
7f8853613000-7f8853614000 ---p 00000000 00:00 0 
7f8853614000-7f8853715000 rw-p 00000000 00:00 0 
7f8853715000-7f8853719000 ---p 00000000 00:00 0 
7f8853719000-7f8853816000 rw-p 00000000 00:00 0 
7f8853816000-7f885381a000 ---p 00000000 00:00 0 
7f885381a000-7f8853917000 rw-p 00000000 00:00 0 
7f8853917000-7f885391b000 ---p 00000000 00:00 0 
7f885391b000-7f8853a18000 rw-p 00000000 00:00 0 
7f8853a18000-7f8853a1c000 ---p 00000000 00:00 0 
7f8853a1c000-7f8853b19000 rw-p 00000000 00:00 0 
7f8853b19000-7f8853b1d000 ---p 00000000 00:00 0 
7f8853b1d000-7f8853c1a000 rw-p 00000000 00:00 0 
7f8853c1a000-7f8853c1e000 ---p 00000000 00:00 0 
7f8853c1e000-7f8853d1b000 rw-p 00000000 00:00 0 
7f8853d1b000-7f8854000000 r--p 00000000 08:05 6300962                    /usr/lib/locale/locale-archive
7f8854000000-7f8854021000 rw-p 00000000 00:00 0 
7f8854021000-7f8858000000 ---p 00000000 00:00 0 
7f8858000000-7f8858021000 rw-p 00000000 00:00 0 
7f8858021000-7f885c000000 ---p 00000000 00:00 0 
7f885c000000-7f885c021000 rw-p 00000000 00:00 0 
7f885c021000-7f8860000000 ---p 00000000 00:00 0 
7f8860000000-7f8860021000 rw-p 00000000 00:00 0 
7f8860021000-7f8864000000 ---p 00000000 00:00 0 
7f8864000000-7f8864021000 rw-p 00000000 00:00 0 
7f8864021000-7f8868000000 ---p 00000000 00:00 0 
7f8868000000-7f8868021000 rw-p 00000000 00:00 0 
7f8868021000-7f886c000000 ---p 00000000 00:00 0 
7f886c000000-7f886c021000 rw-p 00000000 00:00 0 
7f886c021000-7f8870000000 ---p 00000000 00:00 0 
7f8870000000-7f8870021000 rw-p 00000000 00:00 0 
7f8870021000-7f8874000000 ---p 00000000 00:00 0 
7f8874000000-7f8874021000 rw-p 00000000 00:00 0 
7f8874021000-7f8878000000 ---p 00000000 00:00 0 
7f8878000000-7f8878021000 rw-p 00000000 00:00 0 
7f8878021000-7f887c000000 ---p 00000000 00:00 0 
7f887c027000-7f887c02b000 ---p 00000000 00:00 0 
7f887c02b000-7f887e318000 rw-p 00000000 00:00 0 
7f887e318000-7f8880000000 ---p 00000000 00:00 0 
7f8880000000-7f8880021000 rw-p 00000000 00:00 0 
7f8880021000-7f8884000000 ---p 00000000 00:00 0 
7f8884000000-7f8884021000 rw-p 00000000 00:00 0 
7f8884021000-7f8888000000 ---p 00000000 00:00 0 
7f8888000000-7f8888021000 rw-p 00000000 00:00 0 
7f8888021000-7f888c000000 ---p 00000000 00:00 0 
7f888c00f000-7f888c013000 ---p 00000000 00:00 0 
7f888c013000-7f888c110000 rw-p 00000000 00:00 0 
7f888c110000-7f888c111000 ---p 00000000 00:00 0 
7f888c111000-7f888c708000 rw-p 00000000 00:00 0 
7f888c708000-7f888ca88000 ---p 00000000 00:00 0 
7f888ca88000-7f888ca89000 ---p 00000000 00:00 0 
7f888ca89000-7f888cb8a000 rw-p 00000000 00:00 0 
7f888cb8a000-7f888cb8b000 ---p 00000000 00:00 0 
7f888cb8b000-7f888cc8c000 rw-p 00000000 00:00 0 
7f888cc8c000-7f888cc8d000 ---p 00000000 00:00 0 
7f888cc8d000-7f888cd8e000 rw-p 00000000 00:00 0 
7f888cd8e000-7f888cd8f000 ---p 00000000 00:00 0 
7f888cd8f000-7f888ce90000 rw-p 00000000 00:00 0 
7f888ce90000-7f888ce91000 ---p 00000000 00:00 0 
7f888ce91000-7f888d396000 rw-p 00000000 00:00 0 
7f888d396000-7f888d397000 ---p 00000000 00:00 0 
7f888d397000-7f888d688000 rw-p 00000000 00:00 0 
7f888d688000-7f888f370000 ---p 00000000 00:00 0 
7f888f370000-7f888f3ae000 rw-p 00000000 00:00 0 
7f888f3ae000-7f888f74b000 ---p 00000000 00:00 0 
7f888f74b000-7f888f789000 rw-p 00000000 00:00 0 
7f888f789000-7f888fb26000 ---p 00000000 00:00 0 
7f888fb26000-7f888fd96000 rwxp 00000000 00:00 0 
7f888fd96000-7f88900b6000 ---p 00000000 00:00 0 
7f88900b6000-7f8890326000 rwxp 00000000 00:00 0 
7f8890326000-7f88975ee000 ---p 00000000 00:00 0 
7f88975ee000-7f889785e000 rwxp 00000000 00:00 0 
7f889785e000-7f889eb26000 ---p 00000000 00:00 0 
7f889eb26000-7f88a8000000 r--s 00000000 08:05 7088388                    /usr/lib/jvm/java-10-openjdk/lib/modules
7f88a8000000-7f88a822f000 rw-p 00000000 00:00 0 
7f88a822f000-7f88ac000000 ---p 00000000 00:00 0 
7f88ac01d000-7f88ac0d1000 rw-p 00000000 00:00 0 
7f88ac0d1000-7f88ac0d2000 ---p 00000000 00:00 0 
7f88ac0d2000-7f88ac2cf000 rw-p 00000000 00:00 0 
7f88ac2cf000-7f88ac66c000 ---p 00000000 00:00 0 
7f88ac66c000-7f88aca70000 rw-p 00000000 00:00 0 
7f88aca70000-7f88aca71000 ---p 00000000 00:00 0 
7f88aca71000-7f88acb72000 rw-p 00000000 00:00 0 
7f88acb72000-7f88acb73000 ---p 00000000 00:00 0 
7f88acb73000-7f88acc74000 rw-p 00000000 00:00 0 
7f88acc74000-7f88acc75000 ---p 00000000 00:00 0 
7f88acc75000-7f88acd76000 rw-p 00000000 00:00 0 
7f88acd76000-7f88acd77000 ---p 00000000 00:00 0 
7f88acd77000-7f88ace7d000 rw-p 00000000 00:00 0 
7f88ace7d000-7f88acf63000 ---p 00000000 00:00 0 
7f88acf63000-7f88acf68000 rw-p 00000000 00:00 0 
7f88acf68000-7f88ad04e000 ---p 00000000 00:00 0 
7f88ad04e000-7f88ad053000 r-xp 00000000 08:05 7087931                    /usr/lib/jvm/java-10-openjdk/lib/libjimage.so
7f88ad053000-7f88ad252000 ---p 00005000 08:05 7087931                    /usr/lib/jvm/java-10-openjdk/lib/libjimage.so
7f88ad252000-7f88ad253000 r--p 00004000 08:05 7087931                    /usr/lib/jvm/java-10-openjdk/lib/libjimage.so
7f88ad253000-7f88ad254000 rw-p 00005000 08:05 7087931                    /usr/lib/jvm/java-10-openjdk/lib/libjimage.so
7f88ad254000-7f88ad25b000 r-xp 00000000 08:05 7088387                    /usr/lib/jvm/java-10-openjdk/lib/libzip.so
7f88ad25b000-7f88ad45a000 ---p 00007000 08:05 7088387                    /usr/lib/jvm/java-10-openjdk/lib/libzip.so
7f88ad45a000-7f88ad45b000 r--p 00006000 08:05 7088387                    /usr/lib/jvm/java-10-openjdk/lib/libzip.so
7f88ad45b000-7f88ad45c000 rw-p 00007000 08:05 7088387                    /usr/lib/jvm/java-10-openjdk/lib/libzip.so
7f88ad45c000-7f88ad487000 r-xp 00000000 08:05 7087924                    /usr/lib/jvm/java-10-openjdk/lib/libjava.so
7f88ad487000-7f88ad686000 ---p 0002b000 08:05 7087924                    /usr/lib/jvm/java-10-openjdk/lib/libjava.so
7f88ad686000-7f88ad687000 r--p 0002a000 08:05 7087924                    /usr/lib/jvm/java-10-openjdk/lib/libjava.so
7f88ad687000-7f88ad688000 rw-p 0002b000 08:05 7087924                    /usr/lib/jvm/java-10-openjdk/lib/libjava.so
7f88ad688000-7f88ad689000 rw-p 00000000 00:00 0 
7f88ad689000-7f88ad696000 r-xp 00000000 08:05 7088375                    /usr/lib/jvm/java-10-openjdk/lib/libverify.so
7f88ad696000-7f88ad895000 ---p 0000d000 08:05 7088375                    /usr/lib/jvm/java-10-openjdk/lib/libverify.so
7f88ad895000-7f88ad897000 r--p 0000c000 08:05 7088375                    /usr/lib/jvm/java-10-openjdk/lib/libverify.so
7f88ad897000-7f88ad898000 rw-p 0000e000 08:05 7088375                    /usr/lib/jvm/java-10-openjdk/lib/libverify.so
7f88ad898000-7f88ad89a000 r--p 00000000 08:05 6300001                    /usr/lib/librt-2.28.so
7f88ad89a000-7f88ad89e000 r-xp 00002000 08:05 6300001                    /usr/lib/librt-2.28.so
7f88ad89e000-7f88ad8a0000 r--p 00006000 08:05 6300001                    /usr/lib/librt-2.28.so
7f88ad8a0000-7f88ad8a1000 r--p 00007000 08:05 6300001                    /usr/lib/librt-2.28.so
7f88ad8a1000-7f88ad8a2000 rw-p 00008000 08:05 6300001                    /usr/lib/librt-2.28.so
7f88ad8a2000-7f88ad8a6000 ---p 00000000 00:00 0 
7f88ad8a6000-7f88ad9a3000 rw-p 00000000 00:00 0 
7f88ad9a3000-7f88ad9a6000 r--p 00000000 08:05 6295631                    /usr/lib/libgcc_s.so.1
7f88ad9a6000-7f88ad9b7000 r-xp 00003000 08:05 6295631                    /usr/lib/libgcc_s.so.1
7f88ad9b7000-7f88ad9ba000 r--p 00014000 08:05 6295631                    /usr/lib/libgcc_s.so.1
7f88ad9ba000-7f88ad9bb000 ---p 00017000 08:05 6295631                    /usr/lib/libgcc_s.so.1
7f88ad9bb000-7f88ad9bc000 r--p 00017000 08:05 6295631                    /usr/lib/libgcc_s.so.1
7f88ad9bc000-7f88ad9bd000 rw-p 00018000 08:05 6295631                    /usr/lib/libgcc_s.so.1
7f88ad9bd000-7f88ad9ca000 r--p 00000000 08:05 6299957                    /usr/lib/libm-2.28.so
7f88ad9ca000-7f88ada6b000 r-xp 0000d000 08:05 6299957                    /usr/lib/libm-2.28.so
7f88ada6b000-7f88adb40000 r--p 000ae000 08:05 6299957                    /usr/lib/libm-2.28.so
7f88adb40000-7f88adb41000 r--p 00182000 08:05 6299957                    /usr/lib/libm-2.28.so
7f88adb41000-7f88adb42000 rw-p 00183000 08:05 6299957                    /usr/lib/libm-2.28.so
7f88adb42000-7f88adbcb000 r--p 00000000 08:05 6297230                    /usr/lib/libstdc++.so.6.0.25
7f88adbcb000-7f88adc83000 r-xp 00089000 08:05 6297230                    /usr/lib/libstdc++.so.6.0.25
7f88adc83000-7f88adcc0000 r--p 00141000 08:05 6297230                    /usr/lib/libstdc++.so.6.0.25
7f88adcc0000-7f88adcc1000 ---p 0017e000 08:05 6297230                    /usr/lib/libstdc++.so.6.0.25
7f88adcc1000-7f88adccd000 r--p 0017e000 08:05 6297230                    /usr/lib/libstdc++.so.6.0.25
7f88adccd000-7f88adcce000 rw-p 0018a000 08:05 6297230                    /usr/lib/libstdc++.so.6.0.25
7f88adcce000-7f88adcd1000 rw-p 00000000 00:00 0 
7f88adcd1000-7f88aec1e000 r-xp 00000000 08:05 7088400                    /usr/lib/jvm/java-10-openjdk/lib/server/libjvm.so
7f88aec1e000-7f88aee1e000 ---p 00f4d000 08:05 7088400                    /usr/lib/jvm/java-10-openjdk/lib/server/libjvm.so
7f88aee1e000-7f88aeee3000 r--p 00f4d000 08:05 7088400                    /usr/lib/jvm/java-10-openjdk/lib/server/libjvm.so
7f88aeee3000-7f88aef1b000 rw-p 01012000 08:05 7088400                    /usr/lib/jvm/java-10-openjdk/lib/server/libjvm.so
7f88aef1b000-7f88aef66000 rw-p 00000000 00:00 0 
7f88aef66000-7f88aef6c000 r--p 00000000 08:05 6299991                    /usr/lib/libpthread-2.28.so
7f88aef6c000-7f88aef7b000 r-xp 00006000 08:05 6299991                    /usr/lib/libpthread-2.28.so
7f88aef7b000-7f88aef81000 r--p 00015000 08:05 6299991                    /usr/lib/libpthread-2.28.so
7f88aef81000-7f88aef82000 r--p 0001a000 08:05 6299991                    /usr/lib/libpthread-2.28.so
7f88aef82000-7f88aef83000 rw-p 0001b000 08:05 6299991                    /usr/lib/libpthread-2.28.so
7f88aef83000-7f88aef87000 rw-p 00000000 00:00 0 
7f88aef87000-7f88aef88000 r--p 00000000 08:05 6299949                    /usr/lib/libdl-2.28.so
7f88aef88000-7f88aef89000 r-xp 00001000 08:05 6299949                    /usr/lib/libdl-2.28.so
7f88aef89000-7f88aef8a000 r--p 00002000 08:05 6299949                    /usr/lib/libdl-2.28.so
7f88aef8a000-7f88aef8b000 r--p 00002000 08:05 6299949                    /usr/lib/libdl-2.28.so
7f88aef8b000-7f88aef8c000 rw-p 00003000 08:05 6299949                    /usr/lib/libdl-2.28.so
7f88aef8c000-7f88aefa2000 r-xp 00000000 08:05 6301412                    /usr/lib/libz.so.1.2.11
7f88aefa2000-7f88af1a1000 ---p 00016000 08:05 6301412                    /usr/lib/libz.so.1.2.11
7f88af1a1000-7f88af1a2000 r--p 00015000 08:05 6301412                    /usr/lib/libz.so.1.2.11
7f88af1a2000-7f88af1a3000 rw-p 00016000 08:05 6301412                    /usr/lib/libz.so.1.2.11
7f88af1a3000-7f88af1c5000 r--p 00000000 08:05 6299939                    /usr/lib/libc-2.28.so
7f88af1c5000-7f88af310000 r-xp 00022000 08:05 6299939                    /usr/lib/libc-2.28.so
7f88af310000-7f88af35c000 r--p 0016d000 08:05 6299939                    /usr/lib/libc-2.28.so
7f88af35c000-7f88af35d000 ---p 001b9000 08:05 6299939                    /usr/lib/libc-2.28.so
7f88af35d000-7f88af361000 r--p 001b9000 08:05 6299939                    /usr/lib/libc-2.28.so
7f88af361000-7f88af363000 rw-p 001bd000 08:05 6299939                    /usr/lib/libc-2.28.so
7f88af363000-7f88af367000 rw-p 00000000 00:00 0 
7f88af383000-7f88af389000 rw-p 00000000 00:00 0 
7f88af389000-7f88af390000 ---p 00000000 00:00 0 
7f88af390000-7f88af398000 rw-s 00000000 00:2a 36                         /tmp/hsperfdata_taylorallen/7722
7f88af398000-7f88af39b000 r--p 00000000 08:05 6299983                    /usr/lib/libnss_files-2.28.so
7f88af39b000-7f88af3a2000 r-xp 00003000 08:05 6299983                    /usr/lib/libnss_files-2.28.so
7f88af3a2000-7f88af3a5000 r--p 0000a000 08:05 6299983                    /usr/lib/libnss_files-2.28.so
7f88af3a5000-7f88af3a6000 r--p 0000c000 08:05 6299983                    /usr/lib/libnss_files-2.28.so
7f88af3a6000-7f88af3a7000 rw-p 0000d000 08:05 6299983                    /usr/lib/libnss_files-2.28.so
7f88af3a7000-7f88af3ad000 rw-p 00000000 00:00 0 
7f88af3ad000-7f88af3ae000 ---p 00000000 00:00 0 
7f88af3ae000-7f88af3af000 r--p 00000000 00:00 0 
7f88af3af000-7f88af3bd000 r-xp 00000000 08:05 7087446                    /usr/lib/jvm/java-10-openjdk/lib/jli/libjli.so
7f88af3bd000-7f88af5bc000 ---p 0000e000 08:05 7087446                    /usr/lib/jvm/java-10-openjdk/lib/jli/libjli.so
7f88af5bc000-7f88af5bd000 r--p 0000d000 08:05 7087446                    /usr/lib/jvm/java-10-openjdk/lib/jli/libjli.so
7f88af5bd000-7f88af5be000 rw-p 0000e000 08:05 7087446                    /usr/lib/jvm/java-10-openjdk/lib/jli/libjli.so
7f88af5be000-7f88af5c0000 rw-p 00000000 00:00 0 
7f88af5c0000-7f88af5c2000 r--p 00000000 08:05 6299927                    /usr/lib/ld-2.28.so
7f88af5c2000-7f88af5e1000 r-xp 00002000 08:05 6299927                    /usr/lib/ld-2.28.so
7f88af5e1000-7f88af5e9000 r--p 00021000 08:05 6299927                    /usr/lib/ld-2.28.so
7f88af5e9000-7f88af5ea000 r--p 00028000 08:05 6299927                    /usr/lib/ld-2.28.so
7f88af5ea000-7f88af5eb000 rw-p 00029000 08:05 6299927                    /usr/lib/ld-2.28.so
7f88af5eb000-7f88af5ec000 rw-p 00000000 00:00 0 
7ffd69c3c000-7ffd69c5d000 rw-p 00000000 00:00 0                          [stack]
7ffd69dbf000-7ffd69dc2000 r--p 00000000 00:00 0                          [vvar]
7ffd69dc2000-7ffd69dc4000 r-xp 00000000 00:00 0                          [vdso]
ffffffffff600000-ffffffffff601000 r-xp 00000000 00:00 0                  [vsyscall]


VM Arguments:
java_command: WordCount -b -frequency
java_class_path (initial): .
Launcher Type: SUN_STANDARD

Logging:
Log output configuration:
#0: stdout all=warning uptime,level,tags
#1: stderr all=off uptime,level,tags

Environment Variables:
PATH=/usr/local/bin:/usr/bin:/bin:/usr/local/sbin:/opt/android-sdk/platform-tools:/usr/lib/jvm/default/bin:/usr/bin/site_perl:/usr/bin/vendor_perl:/usr/bin/core_perl
SHELL=/usr/bin/fish
DISPLAY=:0

Signal Handlers:
SIGSEGV: [libjvm.so+0xd091e0], sa_mask[0]=11111111011111111101111111111110, sa_flags=SA_RESTART|SA_SIGINFO
SIGBUS: [libjvm.so+0xd091e0], sa_mask[0]=11111111011111111101111111111110, sa_flags=SA_RESTART|SA_SIGINFO
SIGFPE: [libjvm.so+0xd091e0], sa_mask[0]=11111111011111111101111111111110, sa_flags=SA_RESTART|SA_SIGINFO
SIGPIPE: [libjvm.so+0xb1ff30], sa_mask[0]=11111111011111111101111111111110, sa_flags=SA_RESTART|SA_SIGINFO
SIGXFSZ: [libjvm.so+0xb1ff30], sa_mask[0]=11111111011111111101111111111110, sa_flags=SA_RESTART|SA_SIGINFO
SIGILL: [libjvm.so+0xd091e0], sa_mask[0]=11111111011111111101111111111110, sa_flags=SA_RESTART|SA_SIGINFO
SIGUSR2: [libjvm.so+0xb1fc40], sa_mask[0]=00000000000000000000000000000000, sa_flags=SA_RESTART|SA_SIGINFO
SIGHUP: [libjvm.so+0xb1fdd0], sa_mask[0]=11111111011111111101111111111110, sa_flags=SA_RESTART|SA_SIGINFO
SIGINT: [libjvm.so+0xb1fdd0], sa_mask[0]=11111111011111111101111111111110, sa_flags=SA_RESTART|SA_SIGINFO
SIGTERM: [libjvm.so+0xb1fdd0], sa_mask[0]=11111111011111111101111111111110, sa_flags=SA_RESTART|SA_SIGINFO
SIGQUIT: [libjvm.so+0xb1fdd0], sa_mask[0]=11111111011111111101111111111110, sa_flags=SA_RESTART|SA_SIGINFO


---------------  S Y S T E M  ---------------

OS:DISTRIB_ID=ManjaroLinux
DISTRIB_RELEASE=18.0.0-rc
DISTRIB_CODENAME=Illyria
DISTRIB_DESCRIPTION="Manjaro Linux"
uname:Linux 4.14.74-1-MANJARO #1 SMP PREEMPT Fri Oct 5 14:16:52 UTC 2018 x86_64
libc:glibc 2.28 NPTL 2.28 
rlimit: STACK 9788k, CORE infinity, NPROC 31318, NOFILE 4096, AS infinity, DATA infinity, FSIZE infinity
load average:0.52 0.39 0.33

/proc/meminfo:
MemTotal:        8082496 kB
MemFree:          601820 kB
MemAvailable:    1658484 kB
Buffers:          229308 kB
Cached:          2476572 kB
SwapCached:            0 kB
Active:          4931080 kB
Inactive:        2233864 kB
Active(anon):    4291320 kB
Inactive(anon):  1633884 kB
Active(file):     639760 kB
Inactive(file):   599980 kB
Unevictable:          32 kB
Mlocked:              32 kB
SwapTotal:             0 kB
SwapFree:              0 kB
Dirty:               672 kB
Writeback:             0 kB
AnonPages:       4453712 kB
Mapped:          1397048 kB
Shmem:           1744004 kB
Slab:             152576 kB
SReclaimable:      81724 kB
SUnreclaim:        70852 kB
KernelStack:       12624 kB
PageTables:        57856 kB
NFS_Unstable:          0 kB
Bounce:                0 kB
WritebackTmp:          0 kB
CommitLimit:     4041248 kB
Committed_AS:   12768220 kB
VmallocTotal:   34359738367 kB
VmallocUsed:           0 kB
VmallocChunk:          0 kB
HardwareCorrupted:     0 kB
AnonHugePages:   2174976 kB
ShmemHugePages:        0 kB
ShmemPmdMapped:        0 kB
HugePages_Total:       0
HugePages_Free:        0
HugePages_Rsvd:        0
HugePages_Surp:        0
Hugepagesize:       2048 kB
DirectMap4k:      236540 kB
DirectMap2M:     8062976 kB

container (cgroup) information:
container_type: cgroupv1
cpu_cpuset_cpus: 0-3
cpu_memory_nodes: 0
active_processor_count: 4
cpu_quota: -1
cpu_period: 100000
cpu_shares: -1
memory_limit_in_bytes: -1
memory_and_swap_limit_in_bytes: -1
memory_soft_limit_in_bytes: -1
memory_usage_in_bytes: 6588383232
memory_max_usage_in_bytes: 7169359872


CPU:total 4 (initial active 4) (2 cores per cpu, 2 threads per core) family 6 model 42 stepping 7, cmov, cx8, fxsr, mmx, sse, sse2, sse3, ssse3, sse4.1, sse4.2, popcnt, avx, aes, clmul, ht, tsc, tscinvbit
CPU Model and flags from /proc/cpuinfo:
model name	: Intel(R) Core(TM) i5-2415M CPU @ 2.30GHz
flags		: fpu vme de pse tsc msr pae mce cx8 apic sep mtrr pge mca cmov pat pse36 clflush dts acpi mmx fxsr sse sse2 ss ht tm pbe syscall nx rdtscp lm constant_tsc arch_perfmon pebs bts rep_good nopl xtopology nonstop_tsc cpuid aperfmperf pni pclmulqdq dtes64 monitor ds_cpl vmx est tm2 ssse3 cx16 xtpr pdcm pcid sse4_1 sse4_2 x2apic popcnt tsc_deadline_timer aes xsave avx lahf_lm pti ssbd ibrs ibpb stibp tpr_shadow vnmi flexpriority ept vpid xsaveopt dtherm ida arat pln pts flush_l1d

Memory: 4k page, physical 8082496k(601696k free), swap 0k(0k free)

vm_info: OpenJDK 64-Bit Server VM (10.0.2+13) for linux-amd64 JRE (10.0.2+13), built on Jul 30 2018 22:56:03 by "builduser" with gcc 8.1.1 20180531

END.
