#
# A fatal error has been detected by the Java Runtime Environment:
#
#  SIGSEGV (0xb) at pc=0x00007ff68658b501, pid=7688, tid=7705
#
# JRE version: OpenJDK Runtime Environment (10.0.2+13) (build 10.0.2+13)
# Java VM: OpenJDK 64-Bit Server VM (10.0.2+13, mixed mode, tiered, compressed oops, g1 gc, linux-amd64)
# Problematic frame:
# V  [libjvm.so+0xb5d501]
#
# Core dump will be written. Default location: Core dumps may be processed with "/usr/lib/systemd/systemd-coredump %P %u %g %s %t %c %h %e" (or dumping to /home/taylorallen/Desktop/School/CSC-130/WordCount/WordCountProject/core.7688)
#
# If you would like to submit a bug report, please visit:
#   http://bugreport.java.com/bugreport/crash.jsp
#

---------------  S U M M A R Y ------------

Command Line: -Dapplication.home=/usr/lib/jvm/java-10-openjdk --add-modules=ALL-DEFAULT -Xms8m -Djdk.module.main=jdk.compiler jdk.compiler/com.sun.tools.javac.Main BinarySearchTree.java DataCounter.java FileWordReader.java HashTable.java TestBinarySearchTree.java WordCount.java

Host: Intel(R) Core(TM) i5-2415M CPU @ 2.30GHz, 4 cores, 7G, Manjaro Linux
Time: Thu Oct 25 12:32:36 2018 PDT elapsed time: 0 seconds (0d 0h 0m 0s)

---------------  T H R E A D  ---------------

Current thread (0x00007ff6800e7000):  JavaThread "C2 CompilerThread0" daemon [_thread_in_native, id=7705, stack(0x00007ff633815000,0x00007ff633916000)]


Current CompileTask:
C2:    637  604       4       java.nio.MappedByteBuffer::limit (6 bytes)

Stack: [0x00007ff633815000,0x00007ff633916000],  sp=0x00007ff6339123e0,  free space=1012k
Native frames: (J=compiled Java code, A=aot compiled Java code, j=interpreted, Vv=VM code, C=native code)
V  [libjvm.so+0xb5d501]
V  [libjvm.so+0xb5deee]
V  [libjvm.so+0xb5f90e]
V  [libjvm.so+0x53e971]
V  [libjvm.so+0x6f600b]
V  [libjvm.so+0xb6b3f8]
V  [libjvm.so+0xb5dd01]
V  [libjvm.so+0xb5deee]
V  [libjvm.so+0xb5f90e]
V  [libjvm.so+0x53e971]
V  [libjvm.so+0x6f600b]
V  [libjvm.so+0xb6b3f8]
V  [libjvm.so+0xb5dd01]
V  [libjvm.so+0xb5deee]
V  [libjvm.so+0xb5f90e]
V  [libjvm.so+0x53e971]
V  [libjvm.so+0x6f600b]
V  [libjvm.so+0xb6b3f8]
V  [libjvm.so+0xb5dd01]
V  [libjvm.so+0xb5deee]
V  [libjvm.so+0xb5f90e]
V  [libjvm.so+0x53e971]
V  [libjvm.so+0x61a868]
V  [libjvm.so+0x53d9f1]
V  [libjvm.so+0x621bcd]
V  [libjvm.so+0x622e18]
V  [libjvm.so+0xcad907]
V  [libjvm.so+0xb2958a]
C  [libpthread.so.0+0x7a9d]  start_thread+0xfd


siginfo: si_signo: 11 (SIGSEGV), si_code: 1 (SEGV_MAPERR), si_addr: 0x0000000000000088

Register to memory mapping:

RAX=0x0000000000000000 is an unknown value
RBX=0x00007ff6339124e0 is pointing into the stack for thread: 0x00007ff6800e7000
RCX=0x00007ff618131600 is an unknown value
RDX=0x0000000000000001 is an unknown value
RSP=0x00007ff6339123e0 is pointing into the stack for thread: 0x00007ff6800e7000
RBP=0x00007ff633912420 is pointing into the stack for thread: 0x00007ff6800e7000
RSI=0x0000000000000000 is an unknown value
RDI=0x00007ff686c3fef8: <offset 0x0000000001211ef8> in /usr/lib/jvm/java-10-openjdk/lib/server/libjvm.so at 0x00007ff685a2e000
R8 =0x0000000000000037 is an unknown value
R9 =0x00000000000000f9 is an unknown value
R10=0x00007ff6181a1b48 is an unknown value
R11=0x000000000000000a is an unknown value
R12=0x00007ff6339125d8 is pointing into the stack for thread: 0x00007ff6800e7000
R13=0x0000000000000000 is an unknown value
R14=0x00007ff686784b2d: <offset 0x0000000000d56b2d> in /usr/lib/jvm/java-10-openjdk/lib/server/libjvm.so at 0x00007ff685a2e000
R15=0x0000000000000002 is an unknown value


Registers:
RAX=0x0000000000000000, RBX=0x00007ff6339124e0, RCX=0x00007ff618131600, RDX=0x0000000000000001
RSP=0x00007ff6339123e0, RBP=0x00007ff633912420, RSI=0x0000000000000000, RDI=0x00007ff686c3fef8
R8 =0x0000000000000037, R9 =0x00000000000000f9, R10=0x00007ff6181a1b48, R11=0x000000000000000a
R12=0x00007ff6339125d8, R13=0x0000000000000000, R14=0x00007ff686784b2d, R15=0x0000000000000002
RIP=0x00007ff68658b501, EFLAGS=0x0000000000010246, CSGSFS=0x002b000000000033, ERR=0x0000000000000004
  TRAPNO=0x000000000000000e

Top of Stack: (sp=0x00007ff6339123e0)
0x00007ff6339123e0:   0000000000000000 00007ff6339124e0
0x00007ff6339123f0:   00007ff6339124e0 00007ff6339124e0
0x00007ff633912400:   00007ff6180e2790 0000000000000000
0x00007ff633912410:   0000000000000000 0000000000000000 

Instructions: (pc=0x00007ff68658b501)
0x00007ff68658b4e1:   00 66 48 8d 3d 0e 4a 6b 00 66 48 ff 15 ce 44 6b
0x00007ff68658b4f1:   00 45 8b 66 08 48 8b 00 48 8b 80 20 04 00 00 48
0x00007ff68658b501:   8b 80 88 00 00 00 4c 8b b8 e0 01 00 00 48 8d 88
0x00007ff68658b511:   c8 01 00 00 49 83 ff cf 76 2c 48 89 45 b8 48 89 


---------------  P R O C E S S  ---------------

Threads class SMR info:
_java_thread_list=0x00007ff6801f7a00, length=10, elements={
0x00007ff680011000, 0x00007ff6800d1800, 0x00007ff6800d3800, 0x00007ff6800dd000,
0x00007ff6800e7000, 0x00007ff6800e9000, 0x00007ff6800eb000, 0x00007ff6800ed000,
0x00007ff680172000, 0x00007ff6801fa000
}

Java Threads: ( => current thread )
  0x00007ff680011000 JavaThread "main" [_thread_in_Java, id=7689, stack(0x00007ff6855ff000,0x00007ff685700000)]
  0x00007ff6800d1800 JavaThread "Reference Handler" daemon [_thread_blocked, id=7702, stack(0x00007ff633dfd000,0x00007ff633efe000)]
  0x00007ff6800d3800 JavaThread "Finalizer" daemon [_thread_blocked, id=7703, stack(0x00007ff633cfc000,0x00007ff633dfd000)]
  0x00007ff6800dd000 JavaThread "Signal Dispatcher" daemon [_thread_blocked, id=7704, stack(0x00007ff633916000,0x00007ff633a17000)]
=>0x00007ff6800e7000 JavaThread "C2 CompilerThread0" daemon [_thread_in_native, id=7705, stack(0x00007ff633815000,0x00007ff633916000)]
  0x00007ff6800e9000 JavaThread "C2 CompilerThread1" daemon [_thread_in_native, id=7706, stack(0x00007ff633714000,0x00007ff633815000)]
  0x00007ff6800eb000 JavaThread "C1 CompilerThread2" daemon [_thread_blocked, id=7707, stack(0x00007ff633613000,0x00007ff633714000)]
  0x00007ff6800ed000 JavaThread "Sweeper thread" daemon [_thread_blocked, id=7708, stack(0x00007ff633512000,0x00007ff633613000)]
  0x00007ff680172000 JavaThread "Service Thread" daemon [_thread_blocked, id=7709, stack(0x00007ff633411000,0x00007ff633512000)]
  0x00007ff6801fa000 JavaThread "Common-Cleaner" daemon [_thread_blocked, id=7711, stack(0x00007ff632de4000,0x00007ff632ee5000)]

Other Threads:
  0x00007ff6800c8000 VMThread "VM Thread" [stack: 0x00007ff633f00000,0x00007ff634000000] [id=7701]
  0x00007ff680174000 WatcherThread [stack: 0x00007ff633311000,0x00007ff633411000] [id=7710]
  0x00007ff680027000 GCTaskThread "GC Thread#0" [stack: 0x00007ff684ad5000,0x00007ff684bd5000] [id=7690]
  0x00007ff680028800 GCTaskThread "GC Thread#1" [stack: 0x00007ff6849d3000,0x00007ff684ad3000] [id=7691]
  0x00007ff68002a800 GCTaskThread "GC Thread#2" [stack: 0x00007ff6848d1000,0x00007ff6849d1000] [id=7692]
  0x00007ff68002c000 GCTaskThread "GC Thread#3" [stack: 0x00007ff6847cf000,0x00007ff6848cf000] [id=7693]
  0x00007ff680055800 ConcurrentGCThread "G1 Main Marker" [stack: 0x00007ff68420b000,0x00007ff68430b000] [id=7694]
  0x00007ff680057000 ConcurrentGCThread "G1 Conc#0" [stack: 0x00007ff684109000,0x00007ff684209000] [id=7695]
  0x00007ff680060000 ConcurrentGCThread "G1 Refine#0" [stack: 0x00007ff664cba000,0x00007ff664dba000] [id=7696]
  0x00007ff680061800 ConcurrentGCThread "G1 Refine#1" [stack: 0x00007ff664bb8000,0x00007ff664cb8000] [id=7697]
  0x00007ff680063800 ConcurrentGCThread "G1 Refine#2" [stack: 0x00007ff664ab6000,0x00007ff664bb6000] [id=7698]
  0x00007ff680065000 ConcurrentGCThread "G1 Refine#3" [stack: 0x00007ff6649b4000,0x00007ff664ab4000] [id=7699]
  0x00007ff680067000 ConcurrentGCThread "G1 Young RemSet Sampling" [stack: 0x00007ff6648b2000,0x00007ff6649b2000] [id=7700]

Threads with active compile tasks:
C2 CompilerThread0 604       4       java.nio.MappedByteBuffer::limit (6 bytes)
C2 CompilerThread1 621       4       java.util.HashMap::resize (356 bytes)

VM state:not at safepoint (normal execution)

VM Mutex/Monitor currently owned by a thread: None

Heap address: 0x0000000084a00000, size: 1974 MB, Compressed Oops mode: 32-bit
Narrow klass base: 0x0000000000000000, Narrow klass shift: 3
Compressed class space size: 1073741824 Address: 0x0000000100000000

Heap:
 garbage-first heap   total 10240K, used 2558K [0x0000000084a00000, 0x0000000100000000)
  region size 1024K, 2 young (2048K), 1 survivors (1024K)
 Metaspace       used 12841K, capacity 13122K, committed 13184K, reserved 1060864K
  class space    used 1306K, capacity 1387K, committed 1408K, reserved 1048576K
Heap Regions: E=young(eden), S=young(survivor), O=old, HS=humongous(starts), HC=humongous(continues), CS=collection set, F=free, A=archive, TS=gc time stamp, AC=allocation context, TAMS=top-at-mark-start (previous, next)
|   0|0x0000000084a00000, 0x0000000084b00000, 0x0000000084b00000|100%| O|  |TS  2|AC  0|TAMS 0x0000000084a00000, 0x0000000084a00000|
|   1|0x0000000084b00000, 0x0000000084befe00, 0x0000000084c00000| 93%| O|  |TS  5|AC  0|TAMS 0x0000000084b00000, 0x0000000084b00000|
|   2|0x0000000084c00000, 0x0000000084c00000, 0x0000000084d00000|  0%| F|  |TS  0|AC  0|TAMS 0x0000000084c00000, 0x0000000084c00000|
|   3|0x0000000084d00000, 0x0000000084d00000, 0x0000000084e00000|  0%| F|  |TS  0|AC  0|TAMS 0x0000000084d00000, 0x0000000084d00000|
|   4|0x0000000084e00000, 0x0000000084e00000, 0x0000000084f00000|  0%| F|  |TS  2|AC  0|TAMS 0x0000000084e00000, 0x0000000084e00000|
|   5|0x0000000084f00000, 0x0000000084f8faf0, 0x0000000085000000| 56%| S|CS|TS  5|AC  0|TAMS 0x0000000084f00000, 0x0000000084f00000|
|   6|0x0000000085000000, 0x0000000085000000, 0x0000000085100000|  0%| F|  |TS  5|AC  0|TAMS 0x0000000085000000, 0x0000000085000000|
|   7|0x0000000085100000, 0x0000000085100000, 0x0000000085200000|  0%| F|  |TS  5|AC  0|TAMS 0x0000000085100000, 0x0000000085100000|
|   8|0x0000000085200000, 0x0000000085200000, 0x0000000085300000|  0%| F|  |TS  5|AC  0|TAMS 0x0000000085200000, 0x0000000085200000|
|   9|0x0000000085300000, 0x00000000853292f0, 0x0000000085400000| 16%| E|  |TS  5|AC  0|TAMS 0x0000000085300000, 0x0000000085300000|

Card table byte_map: [0x00007ff667370000,0x00007ff66774b000] byte_map_base: 0x00007ff666f4b000

Marking Bits (Prev, Next): (CMBitMap*) 0x00007ff680054960, (CMBitMap*) 0x00007ff680054998
 Prev Bits: [0x00007ff6650bd000, 0x00007ff666f95000)
 Next Bits: [0x00007ff656128000, 0x00007ff658000000)

Polling page: 0x00007ff68710a000

CodeHeap 'non-profiled nmethods': size=120032Kb used=189Kb max_used=189Kb free=119842Kb
 bounds [0x00007ff66f5ee000, 0x00007ff66f85e000, 0x00007ff676b26000]
CodeHeap 'profiled nmethods': size=120032Kb used=1080Kb max_used=1080Kb free=118951Kb
 bounds [0x00007ff6680b6000, 0x00007ff668326000, 0x00007ff66f5ee000]
CodeHeap 'non-nmethods': size=5696Kb used=1048Kb max_used=1060Kb free=4647Kb
 bounds [0x00007ff667b26000, 0x00007ff667d96000, 0x00007ff6680b6000]
 total_blobs=1139 nmethods=649 adapters=265
 compilation: enabled

Compilation events (10 events):
Event: 0.607 Thread 0x00007ff6800eb000 nmethod 624 0x00007ff6681b2b90 code [0x00007ff6681b2d60, 0x00007ff6681b2fd0]
Event: 0.607 Thread 0x00007ff6800eb000  625       3       com.sun.tools.javac.util.Name::<init> (10 bytes)
Event: 0.607 Thread 0x00007ff6800eb000 nmethod 625 0x00007ff6681b3090 code [0x00007ff6681b3240, 0x00007ff6681b3450]
Event: 0.607 Thread 0x00007ff6800eb000  626       3       java.util.HashMap::isEmpty (13 bytes)
Event: 0.607 Thread 0x00007ff6800eb000 nmethod 626 0x00007ff6681b3510 code [0x00007ff6681b36c0, 0x00007ff6681b3870]
Event: 0.607 Thread 0x00007ff6800eb000  627       1       com.sun.tools.javac.code.Symbol::getQualifiedName (5 bytes)
Event: 0.607 Thread 0x00007ff6800eb000 nmethod 627 0x00007ff66f61c410 code [0x00007ff66f61c5c0, 0x00007ff66f61c6d0]
Event: 0.607 Thread 0x00007ff6800eb000  628       3       java.util.regex.Pattern::next (33 bytes)
Event: 0.607 Thread 0x00007ff6800eb000 nmethod 628 0x00007ff6681b3910 code [0x00007ff6681b3ae0, 0x00007ff6681b3da8]
Event: 0.607 Thread 0x00007ff6800eb000  630       3       java.util.regex.Pattern::nextEscaped (19 bytes)

GC Heap History (8 events):
Event: 0.261 GC heap before
{Heap before GC invocations=0 (full 0):
 garbage-first heap   total 8192K, used 3072K [0x0000000084a00000, 0x0000000100000000)
  region size 1024K, 3 young (3072K), 0 survivors (0K)
 Metaspace       used 7557K, capacity 7731K, committed 8064K, reserved 1056768K
  class space    used 697K, capacity 775K, committed 896K, reserved 1048576K
}
Event: 0.265 GC heap after
{Heap after GC invocations=1 (full 0):
 garbage-first heap   total 8192K, used 1379K [0x0000000084a00000, 0x0000000100000000)
  region size 1024K, 1 young (1024K), 1 survivors (1024K)
 Metaspace       used 7557K, capacity 7731K, committed 8064K, reserved 1056768K
  class space    used 697K, capacity 775K, committed 896K, reserved 1048576K
}
Event: 0.360 GC heap before
{Heap before GC invocations=1 (full 0):
 garbage-first heap   total 8192K, used 2403K [0x0000000084a00000, 0x0000000100000000)
  region size 1024K, 2 young (2048K), 1 survivors (1024K)
 Metaspace       used 9712K, capacity 9870K, committed 10112K, reserved 1058816K
  class space    used 966K, capacity 1041K, committed 1152K, reserved 1048576K
}
Event: 0.362 GC heap after
{Heap after GC invocations=2 (full 0):
 garbage-first heap   total 8192K, used 1672K [0x0000000084a00000, 0x0000000100000000)
  region size 1024K, 1 young (1024K), 1 survivors (1024K)
 Metaspace       used 9712K, capacity 9870K, committed 10112K, reserved 1058816K
  class space    used 966K, capacity 1041K, committed 1152K, reserved 1048576K
}
Event: 0.428 GC heap before
{Heap before GC invocations=2 (full 0):
 garbage-first heap   total 8192K, used 2696K [0x0000000084a00000, 0x0000000100000000)
  region size 1024K, 2 young (2048K), 1 survivors (1024K)
 Metaspace       used 10816K, capacity 11027K, committed 11264K, reserved 1058816K
  class space    used 1104K, capacity 1199K, committed 1280K, reserved 1048576K
}
Event: 0.431 GC heap after
{Heap after GC invocations=3 (full 0):
 garbage-first heap   total 8192K, used 1978K [0x0000000084a00000, 0x0000000100000000)
  region size 1024K, 1 young (1024K), 1 survivors (1024K)
 Metaspace       used 10816K, capacity 11027K, committed 11264K, reserved 1058816K
  class space    used 1104K, capacity 1199K, committed 1280K, reserved 1048576K
}
Event: 0.551 GC heap before
{Heap before GC invocations=3 (full 0):
 garbage-first heap   total 8192K, used 3002K [0x0000000084a00000, 0x0000000100000000)
  region size 1024K, 2 young (2048K), 1 survivors (1024K)
 Metaspace       used 12604K, capacity 12896K, committed 13184K, reserved 1060864K
  class space    used 1283K, capacity 1375K, committed 1408K, reserved 1048576K
}
Event: 0.554 GC heap after
{Heap after GC invocations=4 (full 0):
 garbage-first heap   total 8192K, used 2295K [0x0000000084a00000, 0x0000000100000000)
  region size 1024K, 1 young (1024K), 1 survivors (1024K)
 Metaspace       used 12604K, capacity 12896K, committed 13184K, reserved 1060864K
  class space    used 1283K, capacity 1375K, committed 1408K, reserved 1048576K
}

Deoptimization events (5 events):
Event: 0.109 Thread 0x00007ff680011000 Uncommon trap: reason=unstable_if action=reinterpret pc=0x00007ff66f5f2768 method=java.lang.String.hashCode()I @ 14 c2
Event: 0.220 Thread 0x00007ff680011000 Uncommon trap: reason=unstable_if action=reinterpret pc=0x00007ff66f5fa07c method=java.nio.Buffer.hasRemaining()Z @ 8 c2
Event: 0.236 Thread 0x00007ff680011000 Uncommon trap: reason=unstable_if action=reinterpret pc=0x00007ff66f5f863c method=java.util.HashMap.putVal(ILjava/lang/Object;Ljava/lang/Object;ZZ)Ljava/lang/Object; @ 69 c2
Event: 0.396 Thread 0x00007ff680011000 Uncommon trap: reason=unstable_if action=reinterpret pc=0x00007ff66f60a080 method=java.lang.StringLatin1.replace([BCC)Ljava/lang/String; @ 19 c2
Event: 0.556 Thread 0x00007ff680011000 Uncommon trap: reason=unstable_if action=reinterpret pc=0x00007ff66f615f4c method=com.sun.tools.javac.parser.UnicodeReader.scanChar()V @ 37 c2

Classes redefined (0 events):
No events

Internal exceptions (10 events):
Event: 0.222 Thread 0x00007ff680011000 Exception <a 'java/lang/NoSuchMethodError'{0x0000000084f31618}: method resolution failed> (0x0000000084f31618) thrown at [/build/java10-openjdk/src/jdk10u-jdk-10.0.2+13/src/hotspot/share/prims/methodHandles.cpp, line 1226]
Event: 0.223 Thread 0x00007ff680011000 Exception <a 'java/lang/NoSuchMethodError'{0x0000000084f39270}: method resolution failed> (0x0000000084f39270) thrown at [/build/java10-openjdk/src/jdk10u-jdk-10.0.2+13/src/hotspot/share/prims/methodHandles.cpp, line 1226]
Event: 0.224 Thread 0x00007ff680011000 Exception <a 'java/lang/NoSuchMethodError'{0x0000000084f3d0a0}: method resolution failed> (0x0000000084f3d0a0) thrown at [/build/java10-openjdk/src/jdk10u-jdk-10.0.2+13/src/hotspot/share/prims/methodHandles.cpp, line 1226]
Event: 0.233 Thread 0x00007ff680011000 Exception <a 'java/lang/NoSuchMethodError'{0x0000000084f5b408}: java.lang.invoke.DirectMethodHandle$Holder.invokeStatic(Ljava/lang/Object;Ljava/lang/Object;)I> (0x0000000084f5b408) thrown at [/build/java10-openjdk/src/jdk10u-jdk-10.0.2+13/src/hotspot/shar
Event: 0.237 Thread 0x00007ff680011000 Exception <a 'java/lang/NoSuchMethodError'{0x0000000084f681c0}: method resolution failed> (0x0000000084f681c0) thrown at [/build/java10-openjdk/src/jdk10u-jdk-10.0.2+13/src/hotspot/share/prims/methodHandles.cpp, line 1226]
Event: 0.238 Thread 0x00007ff680011000 Exception <a 'java/lang/NoSuchMethodError'{0x0000000084f6ece0}: java.lang.invoke.DirectMethodHandle$Holder.invokeVirtual(Ljava/lang/Object;Ljava/lang/Object;Ljava/lang/Object;)I> (0x0000000084f6ece0) thrown at [/build/java10-openjdk/src/jdk10u-jdk-10.0.2+
Event: 0.239 Thread 0x00007ff680011000 Exception <a 'java/lang/NoSuchMethodError'{0x0000000084f758e8}: java.lang.invoke.DirectMethodHandle$Holder.invokeInterface(Ljava/lang/Object;Ljava/lang/Object;Ljava/lang/Object;)V> (0x0000000084f758e8) thrown at [/build/java10-openjdk/src/jdk10u-jdk-10.0.
Event: 0.321 Thread 0x00007ff680011000 Exception <a 'java/lang/NoSuchMethodError'{0x00000000851a3f98}: java.lang.invoke.DirectMethodHandle$Holder.invokeStaticInit(Ljava/lang/Object;Ljava/lang/Object;)I> (0x00000000851a3f98) thrown at [/build/java10-openjdk/src/jdk10u-jdk-10.0.2+13/src/hotspot/
Event: 0.389 Thread 0x00007ff680011000 Exception <a 'java/lang/NoSuchMethodError'{0x0000000085178688}: java.lang.invoke.DirectMethodHandle$Holder.invokeVirtual(Ljava/lang/Object;Ljava/lang/Object;)I> (0x0000000085178688) thrown at [/build/java10-openjdk/src/jdk10u-jdk-10.0.2+13/src/hotspot/sha
Event: 0.499 Thread 0x00007ff680011000 Exception <a 'java/lang/NoSuchMethodError'{0x000000008518f6a8}: java.lang.Object.lambda$negate$3(I)Z> (0x000000008518f6a8) thrown at [/build/java10-openjdk/src/jdk10u-jdk-10.0.2+13/src/hotspot/share/interpreter/linkResolver.cpp, line 741]

Events (10 events):
Event: 0.600 loading class java/util/LinkedHashMap$LinkedValues
Event: 0.600 loading class java/util/LinkedHashMap$LinkedValues done
Event: 0.600 loading class java/util/Spliterators$IteratorSpliterator
Event: 0.600 loading class java/util/Spliterators$IteratorSpliterator done
Event: 0.601 loading class java/lang/invoke/DirectMethodHandle$Constructor
Event: 0.601 loading class java/lang/invoke/DirectMethodHandle$Constructor done
Event: 0.603 loading class java/util/LinkedHashMap$LinkedValueIterator
Event: 0.603 loading class java/util/LinkedHashMap$LinkedValueIterator done
Event: 0.603 loading class java/util/regex/Pattern$Bound
Event: 0.603 loading class java/util/regex/Pattern$Bound done


Dynamic libraries:
84a00000-85400000 rw-p 00000000 00:00 0 
85400000-100000000 ---p 00000000 00:00 0 
100000000-100160000 rw-p 00000000 00:00 0 
100160000-140000000 ---p 00000000 00:00 0 
559160cb3000-559160cb4000 r-xp 00000000 08:05 6851927                    /usr/lib/jvm/java-10-openjdk/bin/javac
559160eb4000-559160eb5000 r--p 00001000 08:05 6851927                    /usr/lib/jvm/java-10-openjdk/bin/javac
559160eb5000-559160eb6000 rw-p 00002000 08:05 6851927                    /usr/lib/jvm/java-10-openjdk/bin/javac
559161533000-559161554000 rw-p 00000000 00:00 0                          [heap]
7ff604000000-7ff604021000 rw-p 00000000 00:00 0 
7ff604021000-7ff608000000 ---p 00000000 00:00 0 
7ff608000000-7ff608021000 rw-p 00000000 00:00 0 
7ff608021000-7ff60c000000 ---p 00000000 00:00 0 
7ff60c000000-7ff60c021000 rw-p 00000000 00:00 0 
7ff60c021000-7ff610000000 ---p 00000000 00:00 0 
7ff610000000-7ff610021000 rw-p 00000000 00:00 0 
7ff610021000-7ff614000000 ---p 00000000 00:00 0 
7ff614000000-7ff614162000 rw-p 00000000 00:00 0 
7ff614162000-7ff618000000 ---p 00000000 00:00 0 
7ff618000000-7ff618230000 rw-p 00000000 00:00 0 
7ff618230000-7ff61c000000 ---p 00000000 00:00 0 
7ff61c000000-7ff61c021000 rw-p 00000000 00:00 0 
7ff61c021000-7ff620000000 ---p 00000000 00:00 0 
7ff620000000-7ff6201bc000 rw-p 00000000 00:00 0 
7ff6201bc000-7ff624000000 ---p 00000000 00:00 0 
7ff624000000-7ff624021000 rw-p 00000000 00:00 0 
7ff624021000-7ff628000000 ---p 00000000 00:00 0 
7ff628000000-7ff628021000 rw-p 00000000 00:00 0 
7ff628021000-7ff62c000000 ---p 00000000 00:00 0 
7ff62c000000-7ff62c021000 rw-p 00000000 00:00 0 
7ff62c021000-7ff630000000 ---p 00000000 00:00 0 
7ff6329e4000-7ff632b64000 rw-p 00000000 00:00 0 
7ff632b64000-7ff632be4000 ---p 00000000 00:00 0 
7ff632be4000-7ff632de4000 rw-p 00000000 00:00 0 
7ff632de4000-7ff632de8000 ---p 00000000 00:00 0 
7ff632de8000-7ff632ee5000 rw-p 00000000 00:00 0 
7ff632ee5000-7ff632efc000 r-xp 00000000 08:05 7087948                    /usr/lib/jvm/java-10-openjdk/lib/libnet.so
7ff632efc000-7ff6330fb000 ---p 00017000 08:05 7087948                    /usr/lib/jvm/java-10-openjdk/lib/libnet.so
7ff6330fb000-7ff6330fc000 r--p 00016000 08:05 7087948                    /usr/lib/jvm/java-10-openjdk/lib/libnet.so
7ff6330fc000-7ff6330fd000 rw-p 00017000 08:05 7087948                    /usr/lib/jvm/java-10-openjdk/lib/libnet.so
7ff6330fd000-7ff63310e000 r-xp 00000000 08:05 7087950                    /usr/lib/jvm/java-10-openjdk/lib/libnio.so
7ff63310e000-7ff63330d000 ---p 00011000 08:05 7087950                    /usr/lib/jvm/java-10-openjdk/lib/libnio.so
7ff63330d000-7ff63330e000 r--p 00010000 08:05 7087950                    /usr/lib/jvm/java-10-openjdk/lib/libnio.so
7ff63330e000-7ff63330f000 rw-p 00011000 08:05 7087950                    /usr/lib/jvm/java-10-openjdk/lib/libnio.so
7ff63330f000-7ff633310000 ---p 00000000 00:00 0 
7ff633310000-7ff633411000 rw-p 00000000 00:00 0 
7ff633411000-7ff633415000 ---p 00000000 00:00 0 
7ff633415000-7ff633512000 rw-p 00000000 00:00 0 
7ff633512000-7ff633516000 ---p 00000000 00:00 0 
7ff633516000-7ff633613000 rw-p 00000000 00:00 0 
7ff633613000-7ff633617000 ---p 00000000 00:00 0 
7ff633617000-7ff633714000 rw-p 00000000 00:00 0 
7ff633714000-7ff633718000 ---p 00000000 00:00 0 
7ff633718000-7ff633815000 rw-p 00000000 00:00 0 
7ff633815000-7ff633819000 ---p 00000000 00:00 0 
7ff633819000-7ff633916000 rw-p 00000000 00:00 0 
7ff633916000-7ff63391a000 ---p 00000000 00:00 0 
7ff63391a000-7ff633a17000 rw-p 00000000 00:00 0 
7ff633a17000-7ff633cfc000 r--p 00000000 08:05 6300962                    /usr/lib/locale/locale-archive
7ff633cfc000-7ff633d00000 ---p 00000000 00:00 0 
7ff633d00000-7ff633dfd000 rw-p 00000000 00:00 0 
7ff633dfd000-7ff633e01000 ---p 00000000 00:00 0 
7ff633e01000-7ff633efe000 rw-p 00000000 00:00 0 
7ff633efe000-7ff633eff000 ---p 00000000 00:00 0 
7ff633eff000-7ff634000000 rw-p 00000000 00:00 0 
7ff634000000-7ff634021000 rw-p 00000000 00:00 0 
7ff634021000-7ff638000000 ---p 00000000 00:00 0 
7ff638000000-7ff638021000 rw-p 00000000 00:00 0 
7ff638021000-7ff63c000000 ---p 00000000 00:00 0 
7ff63c000000-7ff63c021000 rw-p 00000000 00:00 0 
7ff63c021000-7ff640000000 ---p 00000000 00:00 0 
7ff640000000-7ff640021000 rw-p 00000000 00:00 0 
7ff640021000-7ff644000000 ---p 00000000 00:00 0 
7ff644000000-7ff644021000 rw-p 00000000 00:00 0 
7ff644021000-7ff648000000 ---p 00000000 00:00 0 
7ff648000000-7ff648021000 rw-p 00000000 00:00 0 
7ff648021000-7ff64c000000 ---p 00000000 00:00 0 
7ff64c000000-7ff64c021000 rw-p 00000000 00:00 0 
7ff64c021000-7ff650000000 ---p 00000000 00:00 0 
7ff650000000-7ff650021000 rw-p 00000000 00:00 0 
7ff650021000-7ff654000000 ---p 00000000 00:00 0 
7ff6540b2000-7ff656150000 rw-p 00000000 00:00 0 
7ff656150000-7ff658000000 ---p 00000000 00:00 0 
7ff658000000-7ff658021000 rw-p 00000000 00:00 0 
7ff658021000-7ff65c000000 ---p 00000000 00:00 0 
7ff65c000000-7ff65c021000 rw-p 00000000 00:00 0 
7ff65c021000-7ff660000000 ---p 00000000 00:00 0 
7ff660000000-7ff660021000 rw-p 00000000 00:00 0 
7ff660021000-7ff664000000 ---p 00000000 00:00 0 
7ff66402d000-7ff6648b0000 rw-p 00000000 00:00 0 
7ff6648b0000-7ff6648b1000 ---p 00000000 00:00 0 
7ff6648b1000-7ff6649b2000 rw-p 00000000 00:00 0 
7ff6649b2000-7ff6649b3000 ---p 00000000 00:00 0 
7ff6649b3000-7ff664ab4000 rw-p 00000000 00:00 0 
7ff664ab4000-7ff664ab5000 ---p 00000000 00:00 0 
7ff664ab5000-7ff664bb6000 rw-p 00000000 00:00 0 
7ff664bb6000-7ff664bb7000 ---p 00000000 00:00 0 
7ff664bb7000-7ff664cb8000 rw-p 00000000 00:00 0 
7ff664cb8000-7ff664cb9000 ---p 00000000 00:00 0 
7ff664cb9000-7ff6650e5000 rw-p 00000000 00:00 0 
7ff6650e5000-7ff666f95000 ---p 00000000 00:00 0 
7ff666f95000-7ff666f9a000 rw-p 00000000 00:00 0 
7ff666f9a000-7ff667370000 ---p 00000000 00:00 0 
7ff667370000-7ff667375000 rw-p 00000000 00:00 0 
7ff667375000-7ff66774b000 ---p 00000000 00:00 0 
7ff66774b000-7ff667750000 rw-p 00000000 00:00 0 
7ff667750000-7ff667b26000 ---p 00000000 00:00 0 
7ff667b26000-7ff667d96000 rwxp 00000000 00:00 0 
7ff667d96000-7ff6680b6000 ---p 00000000 00:00 0 
7ff6680b6000-7ff668326000 rwxp 00000000 00:00 0 
7ff668326000-7ff66f5ee000 ---p 00000000 00:00 0 
7ff66f5ee000-7ff66f85e000 rwxp 00000000 00:00 0 
7ff66f85e000-7ff676b26000 ---p 00000000 00:00 0 
7ff676b26000-7ff680000000 r--s 00000000 08:05 7088388                    /usr/lib/jvm/java-10-openjdk/lib/modules
7ff680000000-7ff68040f000 rw-p 00000000 00:00 0 
7ff68040f000-7ff684000000 ---p 00000000 00:00 0 
7ff684006000-7ff684107000 rw-p 00000000 00:00 0 
7ff684107000-7ff684108000 ---p 00000000 00:00 0 
7ff684108000-7ff684209000 rw-p 00000000 00:00 0 
7ff684209000-7ff68420a000 ---p 00000000 00:00 0 
7ff68420a000-7ff6847cd000 rw-p 00000000 00:00 0 
7ff6847cd000-7ff6847ce000 ---p 00000000 00:00 0 
7ff6847ce000-7ff6848cf000 rw-p 00000000 00:00 0 
7ff6848cf000-7ff6848d0000 ---p 00000000 00:00 0 
7ff6848d0000-7ff6849d1000 rw-p 00000000 00:00 0 
7ff6849d1000-7ff6849d2000 ---p 00000000 00:00 0 
7ff6849d2000-7ff684ad3000 rw-p 00000000 00:00 0 
7ff684ad3000-7ff684ad4000 ---p 00000000 00:00 0 
7ff684ad4000-7ff684bda000 rw-p 00000000 00:00 0 
7ff684bda000-7ff684cc0000 ---p 00000000 00:00 0 
7ff684cc0000-7ff684cc5000 rw-p 00000000 00:00 0 
7ff684cc5000-7ff684dab000 ---p 00000000 00:00 0 
7ff684dab000-7ff684db0000 r-xp 00000000 08:05 7087931                    /usr/lib/jvm/java-10-openjdk/lib/libjimage.so
7ff684db0000-7ff684faf000 ---p 00005000 08:05 7087931                    /usr/lib/jvm/java-10-openjdk/lib/libjimage.so
7ff684faf000-7ff684fb0000 r--p 00004000 08:05 7087931                    /usr/lib/jvm/java-10-openjdk/lib/libjimage.so
7ff684fb0000-7ff684fb1000 rw-p 00005000 08:05 7087931                    /usr/lib/jvm/java-10-openjdk/lib/libjimage.so
7ff684fb1000-7ff684fb8000 r-xp 00000000 08:05 7088387                    /usr/lib/jvm/java-10-openjdk/lib/libzip.so
7ff684fb8000-7ff6851b7000 ---p 00007000 08:05 7088387                    /usr/lib/jvm/java-10-openjdk/lib/libzip.so
7ff6851b7000-7ff6851b8000 r--p 00006000 08:05 7088387                    /usr/lib/jvm/java-10-openjdk/lib/libzip.so
7ff6851b8000-7ff6851b9000 rw-p 00007000 08:05 7088387                    /usr/lib/jvm/java-10-openjdk/lib/libzip.so
7ff6851b9000-7ff6851e4000 r-xp 00000000 08:05 7087924                    /usr/lib/jvm/java-10-openjdk/lib/libjava.so
7ff6851e4000-7ff6853e3000 ---p 0002b000 08:05 7087924                    /usr/lib/jvm/java-10-openjdk/lib/libjava.so
7ff6853e3000-7ff6853e4000 r--p 0002a000 08:05 7087924                    /usr/lib/jvm/java-10-openjdk/lib/libjava.so
7ff6853e4000-7ff6853e5000 rw-p 0002b000 08:05 7087924                    /usr/lib/jvm/java-10-openjdk/lib/libjava.so
7ff6853e5000-7ff6853e6000 rw-p 00000000 00:00 0 
7ff6853e6000-7ff6853f3000 r-xp 00000000 08:05 7088375                    /usr/lib/jvm/java-10-openjdk/lib/libverify.so
7ff6853f3000-7ff6855f2000 ---p 0000d000 08:05 7088375                    /usr/lib/jvm/java-10-openjdk/lib/libverify.so
7ff6855f2000-7ff6855f4000 r--p 0000c000 08:05 7088375                    /usr/lib/jvm/java-10-openjdk/lib/libverify.so
7ff6855f4000-7ff6855f5000 rw-p 0000e000 08:05 7088375                    /usr/lib/jvm/java-10-openjdk/lib/libverify.so
7ff6855f5000-7ff6855f7000 r--p 00000000 08:05 6300001                    /usr/lib/librt-2.28.so
7ff6855f7000-7ff6855fb000 r-xp 00002000 08:05 6300001                    /usr/lib/librt-2.28.so
7ff6855fb000-7ff6855fd000 r--p 00006000 08:05 6300001                    /usr/lib/librt-2.28.so
7ff6855fd000-7ff6855fe000 r--p 00007000 08:05 6300001                    /usr/lib/librt-2.28.so
7ff6855fe000-7ff6855ff000 rw-p 00008000 08:05 6300001                    /usr/lib/librt-2.28.so
7ff6855ff000-7ff685603000 ---p 00000000 00:00 0 
7ff685603000-7ff685700000 rw-p 00000000 00:00 0 
7ff685700000-7ff685703000 r--p 00000000 08:05 6295631                    /usr/lib/libgcc_s.so.1
7ff685703000-7ff685714000 r-xp 00003000 08:05 6295631                    /usr/lib/libgcc_s.so.1
7ff685714000-7ff685717000 r--p 00014000 08:05 6295631                    /usr/lib/libgcc_s.so.1
7ff685717000-7ff685718000 ---p 00017000 08:05 6295631                    /usr/lib/libgcc_s.so.1
7ff685718000-7ff685719000 r--p 00017000 08:05 6295631                    /usr/lib/libgcc_s.so.1
7ff685719000-7ff68571a000 rw-p 00018000 08:05 6295631                    /usr/lib/libgcc_s.so.1
7ff68571a000-7ff685727000 r--p 00000000 08:05 6299957                    /usr/lib/libm-2.28.so
7ff685727000-7ff6857c8000 r-xp 0000d000 08:05 6299957                    /usr/lib/libm-2.28.so
7ff6857c8000-7ff68589d000 r--p 000ae000 08:05 6299957                    /usr/lib/libm-2.28.so
7ff68589d000-7ff68589e000 r--p 00182000 08:05 6299957                    /usr/lib/libm-2.28.so
7ff68589e000-7ff68589f000 rw-p 00183000 08:05 6299957                    /usr/lib/libm-2.28.so
7ff68589f000-7ff685928000 r--p 00000000 08:05 6297230                    /usr/lib/libstdc++.so.6.0.25
7ff685928000-7ff6859e0000 r-xp 00089000 08:05 6297230                    /usr/lib/libstdc++.so.6.0.25
7ff6859e0000-7ff685a1d000 r--p 00141000 08:05 6297230                    /usr/lib/libstdc++.so.6.0.25
7ff685a1d000-7ff685a1e000 ---p 0017e000 08:05 6297230                    /usr/lib/libstdc++.so.6.0.25
7ff685a1e000-7ff685a2a000 r--p 0017e000 08:05 6297230                    /usr/lib/libstdc++.so.6.0.25
7ff685a2a000-7ff685a2b000 rw-p 0018a000 08:05 6297230                    /usr/lib/libstdc++.so.6.0.25
7ff685a2b000-7ff685a2e000 rw-p 00000000 00:00 0 
7ff685a2e000-7ff68697b000 r-xp 00000000 08:05 7088400                    /usr/lib/jvm/java-10-openjdk/lib/server/libjvm.so
7ff68697b000-7ff686b7b000 ---p 00f4d000 08:05 7088400                    /usr/lib/jvm/java-10-openjdk/lib/server/libjvm.so
7ff686b7b000-7ff686c40000 r--p 00f4d000 08:05 7088400                    /usr/lib/jvm/java-10-openjdk/lib/server/libjvm.so
7ff686c40000-7ff686c78000 rw-p 01012000 08:05 7088400                    /usr/lib/jvm/java-10-openjdk/lib/server/libjvm.so
7ff686c78000-7ff686cc3000 rw-p 00000000 00:00 0 
7ff686cc3000-7ff686cc9000 r--p 00000000 08:05 6299991                    /usr/lib/libpthread-2.28.so
7ff686cc9000-7ff686cd8000 r-xp 00006000 08:05 6299991                    /usr/lib/libpthread-2.28.so
7ff686cd8000-7ff686cde000 r--p 00015000 08:05 6299991                    /usr/lib/libpthread-2.28.so
7ff686cde000-7ff686cdf000 r--p 0001a000 08:05 6299991                    /usr/lib/libpthread-2.28.so
7ff686cdf000-7ff686ce0000 rw-p 0001b000 08:05 6299991                    /usr/lib/libpthread-2.28.so
7ff686ce0000-7ff686ce4000 rw-p 00000000 00:00 0 
7ff686ce4000-7ff686ce5000 r--p 00000000 08:05 6299949                    /usr/lib/libdl-2.28.so
7ff686ce5000-7ff686ce6000 r-xp 00001000 08:05 6299949                    /usr/lib/libdl-2.28.so
7ff686ce6000-7ff686ce7000 r--p 00002000 08:05 6299949                    /usr/lib/libdl-2.28.so
7ff686ce7000-7ff686ce8000 r--p 00002000 08:05 6299949                    /usr/lib/libdl-2.28.so
7ff686ce8000-7ff686ce9000 rw-p 00003000 08:05 6299949                    /usr/lib/libdl-2.28.so
7ff686ce9000-7ff686cff000 r-xp 00000000 08:05 6301412                    /usr/lib/libz.so.1.2.11
7ff686cff000-7ff686efe000 ---p 00016000 08:05 6301412                    /usr/lib/libz.so.1.2.11
7ff686efe000-7ff686eff000 r--p 00015000 08:05 6301412                    /usr/lib/libz.so.1.2.11
7ff686eff000-7ff686f00000 rw-p 00016000 08:05 6301412                    /usr/lib/libz.so.1.2.11
7ff686f00000-7ff686f22000 r--p 00000000 08:05 6299939                    /usr/lib/libc-2.28.so
7ff686f22000-7ff68706d000 r-xp 00022000 08:05 6299939                    /usr/lib/libc-2.28.so
7ff68706d000-7ff6870b9000 r--p 0016d000 08:05 6299939                    /usr/lib/libc-2.28.so
7ff6870b9000-7ff6870ba000 ---p 001b9000 08:05 6299939                    /usr/lib/libc-2.28.so
7ff6870ba000-7ff6870be000 r--p 001b9000 08:05 6299939                    /usr/lib/libc-2.28.so
7ff6870be000-7ff6870c0000 rw-p 001bd000 08:05 6299939                    /usr/lib/libc-2.28.so
7ff6870c0000-7ff6870c4000 rw-p 00000000 00:00 0 
7ff6870e0000-7ff6870e6000 rw-p 00000000 00:00 0 
7ff6870e6000-7ff6870ed000 ---p 00000000 00:00 0 
7ff6870ed000-7ff6870f5000 rw-s 00000000 00:2a 36                         /tmp/hsperfdata_taylorallen/7688
7ff6870f5000-7ff6870f8000 r--p 00000000 08:05 6299983                    /usr/lib/libnss_files-2.28.so
7ff6870f8000-7ff6870ff000 r-xp 00003000 08:05 6299983                    /usr/lib/libnss_files-2.28.so
7ff6870ff000-7ff687102000 r--p 0000a000 08:05 6299983                    /usr/lib/libnss_files-2.28.so
7ff687102000-7ff687103000 r--p 0000c000 08:05 6299983                    /usr/lib/libnss_files-2.28.so
7ff687103000-7ff687104000 rw-p 0000d000 08:05 6299983                    /usr/lib/libnss_files-2.28.so
7ff687104000-7ff68710a000 rw-p 00000000 00:00 0 
7ff68710a000-7ff68710b000 ---p 00000000 00:00 0 
7ff68710b000-7ff68710c000 r--p 00000000 00:00 0 
7ff68710c000-7ff68711a000 r-xp 00000000 08:05 7087446                    /usr/lib/jvm/java-10-openjdk/lib/jli/libjli.so
7ff68711a000-7ff687319000 ---p 0000e000 08:05 7087446                    /usr/lib/jvm/java-10-openjdk/lib/jli/libjli.so
7ff687319000-7ff68731a000 r--p 0000d000 08:05 7087446                    /usr/lib/jvm/java-10-openjdk/lib/jli/libjli.so
7ff68731a000-7ff68731b000 rw-p 0000e000 08:05 7087446                    /usr/lib/jvm/java-10-openjdk/lib/jli/libjli.so
7ff68731b000-7ff68731d000 rw-p 00000000 00:00 0 
7ff68731d000-7ff68731f000 r--p 00000000 08:05 6299927                    /usr/lib/ld-2.28.so
7ff68731f000-7ff68733e000 r-xp 00002000 08:05 6299927                    /usr/lib/ld-2.28.so
7ff68733e000-7ff687346000 r--p 00021000 08:05 6299927                    /usr/lib/ld-2.28.so
7ff687346000-7ff687347000 r--p 00028000 08:05 6299927                    /usr/lib/ld-2.28.so
7ff687347000-7ff687348000 rw-p 00029000 08:05 6299927                    /usr/lib/ld-2.28.so
7ff687348000-7ff687349000 rw-p 00000000 00:00 0 
7ffc16240000-7ffc16261000 rw-p 00000000 00:00 0                          [stack]
7ffc1637b000-7ffc1637e000 r--p 00000000 00:00 0                          [vvar]
7ffc1637e000-7ffc16380000 r-xp 00000000 00:00 0                          [vdso]
ffffffffff600000-ffffffffff601000 r-xp 00000000 00:00 0                  [vsyscall]


VM Arguments:
jvm_args: -Dapplication.home=/usr/lib/jvm/java-10-openjdk --add-modules=ALL-DEFAULT -Xms8m -Djdk.module.main=jdk.compiler 
java_command: jdk.compiler/com.sun.tools.javac.Main BinarySearchTree.java DataCounter.java FileWordReader.java HashTable.java TestBinarySearchTree.java WordCount.java
java_class_path (initial): <not set>
Launcher Type: SUN_STANDARD

Logging:
Log output configuration:
#0: stdout all=warning uptime,level,tags
#1: stderr all=off uptime,level,tags

Environment Variables:
PATH=/usr/local/bin:/usr/bin:/bin:/usr/local/sbin:/opt/android-sdk/platform-tools:/usr/lib/jvm/default/bin:/usr/bin/site_perl:/usr/bin/vendor_perl:/usr/bin/core_perl
SHELL=/usr/bin/fish
DISPLAY=:0

Signal Handlers:
SIGSEGV: [libjvm.so+0xd091e0], sa_mask[0]=11111111011111111101111111111110, sa_flags=SA_RESTART|SA_SIGINFO
SIGBUS: [libjvm.so+0xd091e0], sa_mask[0]=11111111011111111101111111111110, sa_flags=SA_RESTART|SA_SIGINFO
SIGFPE: [libjvm.so+0xd091e0], sa_mask[0]=11111111011111111101111111111110, sa_flags=SA_RESTART|SA_SIGINFO
SIGPIPE: [libjvm.so+0xb1ff30], sa_mask[0]=11111111011111111101111111111110, sa_flags=SA_RESTART|SA_SIGINFO
SIGXFSZ: [libjvm.so+0xb1ff30], sa_mask[0]=11111111011111111101111111111110, sa_flags=SA_RESTART|SA_SIGINFO
SIGILL: [libjvm.so+0xd091e0], sa_mask[0]=11111111011111111101111111111110, sa_flags=SA_RESTART|SA_SIGINFO
SIGUSR2: [libjvm.so+0xb1fc40], sa_mask[0]=00000000000000000000000000000000, sa_flags=SA_RESTART|SA_SIGINFO
SIGHUP: [libjvm.so+0xb1fdd0], sa_mask[0]=11111111011111111101111111111110, sa_flags=SA_RESTART|SA_SIGINFO
SIGINT: [libjvm.so+0xb1fdd0], sa_mask[0]=11111111011111111101111111111110, sa_flags=SA_RESTART|SA_SIGINFO
SIGTERM: [libjvm.so+0xb1fdd0], sa_mask[0]=11111111011111111101111111111110, sa_flags=SA_RESTART|SA_SIGINFO
SIGQUIT: [libjvm.so+0xb1fdd0], sa_mask[0]=11111111011111111101111111111110, sa_flags=SA_RESTART|SA_SIGINFO


---------------  S Y S T E M  ---------------

OS:DISTRIB_ID=ManjaroLinux
DISTRIB_RELEASE=18.0.0-rc
DISTRIB_CODENAME=Illyria
DISTRIB_DESCRIPTION="Manjaro Linux"
uname:Linux 4.14.74-1-MANJARO #1 SMP PREEMPT Fri Oct 5 14:16:52 UTC 2018 x86_64
libc:glibc 2.28 NPTL 2.28 
rlimit: STACK 9788k, CORE infinity, NPROC 31318, NOFILE 4096, AS infinity, DATA infinity, FSIZE infinity
load average:0.52 0.39 0.33

/proc/meminfo:
MemTotal:        8082496 kB
MemFree:          598340 kB
MemAvailable:    1638420 kB
Buffers:          229168 kB
Cached:          2459936 kB
SwapCached:            0 kB
Active:          4927816 kB
Inactive:        2241620 kB
Active(anon):    4312540 kB
Inactive(anon):  1633480 kB
Active(file):     615276 kB
Inactive(file):   608140 kB
Unevictable:          32 kB
Mlocked:              32 kB
SwapTotal:             0 kB
SwapFree:              0 kB
Dirty:                68 kB
Writeback:             0 kB
AnonPages:       4474948 kB
Mapped:          1405196 kB
Shmem:           1743600 kB
Slab:             151796 kB
SReclaimable:      81208 kB
SUnreclaim:        70588 kB
KernelStack:       12560 kB
PageTables:        57808 kB
NFS_Unstable:          0 kB
Bounce:                0 kB
WritebackTmp:          0 kB
CommitLimit:     4041248 kB
Committed_AS:   12669464 kB
VmallocTotal:   34359738367 kB
VmallocUsed:           0 kB
VmallocChunk:          0 kB
HardwareCorrupted:     0 kB
AnonHugePages:   2172928 kB
ShmemHugePages:        0 kB
ShmemPmdMapped:        0 kB
HugePages_Total:       0
HugePages_Free:        0
HugePages_Rsvd:        0
HugePages_Surp:        0
Hugepagesize:       2048 kB
DirectMap4k:      234492 kB
DirectMap2M:     8065024 kB

container (cgroup) information:
container_type: cgroupv1
cpu_cpuset_cpus: 0-3
cpu_memory_nodes: 0
active_processor_count: 4
cpu_quota: -1
cpu_period: 100000
cpu_shares: -1
memory_limit_in_bytes: -1
memory_and_swap_limit_in_bytes: -1
memory_soft_limit_in_bytes: -1
memory_usage_in_bytes: 6608326656
memory_max_usage_in_bytes: 7169359872


CPU:total 4 (initial active 4) (2 cores per cpu, 2 threads per core) family 6 model 42 stepping 7, cmov, cx8, fxsr, mmx, sse, sse2, sse3, ssse3, sse4.1, sse4.2, popcnt, avx, aes, clmul, ht, tsc, tscinvbit
CPU Model and flags from /proc/cpuinfo:
model name	: Intel(R) Core(TM) i5-2415M CPU @ 2.30GHz
flags		: fpu vme de pse tsc msr pae mce cx8 apic sep mtrr pge mca cmov pat pse36 clflush dts acpi mmx fxsr sse sse2 ss ht tm pbe syscall nx rdtscp lm constant_tsc arch_perfmon pebs bts rep_good nopl xtopology nonstop_tsc cpuid aperfmperf pni pclmulqdq dtes64 monitor ds_cpl vmx est tm2 ssse3 cx16 xtpr pdcm pcid sse4_1 sse4_2 x2apic popcnt tsc_deadline_timer aes xsave avx lahf_lm pti ssbd ibrs ibpb stibp tpr_shadow vnmi flexpriority ept vpid xsaveopt dtherm ida arat pln pts flush_l1d

Memory: 4k page, physical 8082496k(598340k free), swap 0k(0k free)

vm_info: OpenJDK 64-Bit Server VM (10.0.2+13) for linux-amd64 JRE (10.0.2+13), built on Jul 30 2018 22:56:03 by "builduser" with gcc 8.1.1 20180531

END.
