#
# A fatal error has been detected by the Java Runtime Environment:
#
#  SIGSEGV (0xb) at pc=0x00007f106583c620, pid=2743, tid=2744
#
# JRE version: OpenJDK Runtime Environment (10.0.2+13) (build 10.0.2+13)
# Java VM: OpenJDK 64-Bit Server VM (10.0.2+13, mixed mode, tiered, compressed oops, g1 gc, linux-amd64)
# Problematic frame:
# V  [libjvm.so+0xc0d620]
#
# Core dump will be written. Default location: Core dumps may be processed with "/usr/lib/systemd/systemd-coredump %P %u %g %s %t %c %h %e" (or dumping to /home/taylorallen/Desktop/School/CSC-130/WordCount/WordCountProject/core.2743)
#
# If you would like to submit a bug report, please visit:
#   http://bugreport.java.com/bugreport/crash.jsp
#

---------------  S U M M A R Y ------------

Command Line: -Denv.class.path=:.:::/usr/share/jgrasp/extensions/classes -Dapplication.home=/usr/lib/jvm/java-10-openjdk --add-modules=ALL-DEFAULT -Xms8m -Djdk.module.main=jdk.compiler jdk.compiler/com.sun.tools.javac.Main -g WordCount.java

Host: Intel(R) Core(TM) i5-2415M CPU @ 2.30GHz, 4 cores, 7G, Manjaro Linux
Time: Tue Oct 23 10:52:54 2018 PDT elapsed time: 0 seconds (0d 0h 0m 0s)

---------------  T H R E A D  ---------------

Current thread (0x00007f1060011000):  JavaThread "main" [_thread_in_vm, id=2744, stack(0x00007f1064800000,0x00007f1064901000)]

Stack: [0x00007f1064800000,0x00007f1064901000],  sp=0x00007f10648fdc08,  free space=1015k
Native frames: (J=compiled Java code, A=aot compiled Java code, j=interpreted, Vv=VM code, C=native code)
V  [libjvm.so+0xc0d620]
V  [libjvm.so+0xcf3624]
V  [libjvm.so+0xcf3962]
V  [libjvm.so+0x81a6b1]
V  [libjvm.so+0x81a52e]
V  [libjvm.so+0x81bb80]
V  [libjvm.so+0x8325b0]
j  com.sun.tools.javac.comp.Attr.<init>(Lcom/sun/tools/javac/util/Context;)V+23 jdk.compiler@10.0.2
j  com.sun.tools.javac.comp.Attr.instance(Lcom/sun/tools/javac/util/Context;)Lcom/sun/tools/javac/comp/Attr;+20 jdk.compiler@10.0.2
j  com.sun.tools.javac.comp.Annotate.<init>(Lcom/sun/tools/javac/util/Context;)V+80 jdk.compiler@10.0.2
j  com.sun.tools.javac.comp.Annotate.instance(Lcom/sun/tools/javac/util/Context;)Lcom/sun/tools/javac/comp/Annotate;+20 jdk.compiler@10.0.2
j  com.sun.tools.javac.jvm.ClassReader.<init>(Lcom/sun/tools/javac/util/Context;)V+152 jdk.compiler@10.0.2
j  com.sun.tools.javac.jvm.ClassReader.instance(Lcom/sun/tools/javac/util/Context;)Lcom/sun/tools/javac/jvm/ClassReader;+20 jdk.compiler@10.0.2
j  com.sun.tools.javac.code.ClassFinder.<init>(Lcom/sun/tools/javac/util/Context;)V+73 jdk.compiler@10.0.2
j  com.sun.tools.javac.code.ClassFinder.instance(Lcom/sun/tools/javac/util/Context;)Lcom/sun/tools/javac/code/ClassFinder;+20 jdk.compiler@10.0.2
j  com.sun.tools.javac.main.JavaCompiler.<init>(Lcom/sun/tools/javac/util/Context;)V+130 jdk.compiler@10.0.2
j  com.sun.tools.javac.main.JavaCompiler.instance(Lcom/sun/tools/javac/util/Context;)Lcom/sun/tools/javac/main/JavaCompiler;+20 jdk.compiler@10.0.2
j  com.sun.tools.javac.main.Main.compile([Ljava/lang/String;Lcom/sun/tools/javac/util/Context;)Lcom/sun/tools/javac/main/Main$Result;+540 jdk.compiler@10.0.2
j  com.sun.tools.javac.main.Main.compile([Ljava/lang/String;)Lcom/sun/tools/javac/main/Main$Result;+15 jdk.compiler@10.0.2
j  com.sun.tools.javac.Main.compile([Ljava/lang/String;)I+12 jdk.compiler@10.0.2
j  com.sun.tools.javac.Main.main([Ljava/lang/String;)V+1 jdk.compiler@10.0.2
v  ~StubRoutines::call_stub
V  [libjvm.so+0x840aaa]
V  [libjvm.so+0x85ff20]
V  [libjvm.so+0x86266c]
C  [libjli.so+0x4444]
C  [libpthread.so.0+0x7a9d]  start_thread+0xfd

Java frames: (J=compiled Java code, j=interpreted, Vv=VM code)
j  com.sun.tools.javac.comp.Attr.<init>(Lcom/sun/tools/javac/util/Context;)V+23 jdk.compiler@10.0.2
j  com.sun.tools.javac.comp.Attr.instance(Lcom/sun/tools/javac/util/Context;)Lcom/sun/tools/javac/comp/Attr;+20 jdk.compiler@10.0.2
j  com.sun.tools.javac.comp.Annotate.<init>(Lcom/sun/tools/javac/util/Context;)V+80 jdk.compiler@10.0.2
j  com.sun.tools.javac.comp.Annotate.instance(Lcom/sun/tools/javac/util/Context;)Lcom/sun/tools/javac/comp/Annotate;+20 jdk.compiler@10.0.2
j  com.sun.tools.javac.jvm.ClassReader.<init>(Lcom/sun/tools/javac/util/Context;)V+152 jdk.compiler@10.0.2
j  com.sun.tools.javac.jvm.ClassReader.instance(Lcom/sun/tools/javac/util/Context;)Lcom/sun/tools/javac/jvm/ClassReader;+20 jdk.compiler@10.0.2
j  com.sun.tools.javac.code.ClassFinder.<init>(Lcom/sun/tools/javac/util/Context;)V+73 jdk.compiler@10.0.2
j  com.sun.tools.javac.code.ClassFinder.instance(Lcom/sun/tools/javac/util/Context;)Lcom/sun/tools/javac/code/ClassFinder;+20 jdk.compiler@10.0.2
j  com.sun.tools.javac.main.JavaCompiler.<init>(Lcom/sun/tools/javac/util/Context;)V+130 jdk.compiler@10.0.2
j  com.sun.tools.javac.main.JavaCompiler.instance(Lcom/sun/tools/javac/util/Context;)Lcom/sun/tools/javac/main/JavaCompiler;+20 jdk.compiler@10.0.2
j  com.sun.tools.javac.main.Main.compile([Ljava/lang/String;Lcom/sun/tools/javac/util/Context;)Lcom/sun/tools/javac/main/Main$Result;+540 jdk.compiler@10.0.2
j  com.sun.tools.javac.main.Main.compile([Ljava/lang/String;)Lcom/sun/tools/javac/main/Main$Result;+15 jdk.compiler@10.0.2
j  com.sun.tools.javac.Main.compile([Ljava/lang/String;)I+12 jdk.compiler@10.0.2
j  com.sun.tools.javac.Main.main([Ljava/lang/String;)V+1 jdk.compiler@10.0.2
v  ~StubRoutines::call_stub

siginfo: si_signo: 11 (SIGSEGV), si_code: 128 (SI_KERNEL), si_addr: 0x0000000000000000

Register to memory mapping:

RAX=0x00007f102b86f4f8 is pointing into metadata
RBX=0x00007f10648feb40 is pointing into the stack for thread: 0x00007f1060011000
RCX=0x0000000000000003 is an unknown value
RDX=0x000000000000009b is an unknown value
RSP=0x00007f10648fdc08 is pointing into the stack for thread: 0x00007f1060011000
RBP=0x00007f10648feb20 is pointing into the stack for thread: 0x00007f1060011000
RSI=0x0000000000000003 is an unknown value
RDI=0x0101010101010101 is an unknown value
R8 ={method} {0x00007f102ba354e0} '
[error occurred during error reporting (printing register info), id 0xb]

Registers:
RAX=0x00007f102b86f4f8, RBX=0x00007f10648feb40, RCX=0x0000000000000003, RDX=0x000000000000009b
RSP=0x00007f10648fdc08, RBP=0x00007f10648feb20, RSI=0x0000000000000003, RDI=0x0101010101010101
R8 =0x00007f102ba354e0, R9 =0x00007f102ba353e0, R10=0x0000000000000003, R11=0x00007f10600f1c00
R12=0x00007f1060011000, R13=0x0000000000000003, R14=0x00007f10648fed00, R15=0x00007f102b86f4f8
RIP=0x00007f106583c620, EFLAGS=0x0000000000010293, CSGSFS=0x002b000000000033, ERR=0x0000000000000000
  TRAPNO=0x000000000000000d

Top of Stack: (sp=0x00007f10648fdc08)
0x00007f10648fdc08:   00007f106591defa 000000002ba50034
0x00007f10648fdc18:   00007f10648fea78 00007f10648fea40
0x00007f10648fdc28:   00007f10648fe980 00007f1000000085
0x00007f10648fdc38:   01007f1000000002 00007f1000000085 

Instructions: (pc=0x00007f106583c620)
0x00007f106583c600:   74 b0 48 83 c0 01 48 39 c6 74 a7 0f b6 14 07 80
0x00007f106583c610:   fa 3b 75 e0 48 83 c0 01 c3 90 66 0f 1f 44 00 00
0x00007f106583c620:   0f b7 37 49 89 f9 49 83 c1 06 0f 95 c0 48 83 fe
0x00007f106583c630:   01 0f 9f c2 20 d0 74 08 31 c0 80 7f 06 28 74 08 


---------------  P R O C E S S  ---------------

Threads class SMR info:
_java_thread_list=0x00007f106021fd70, length=10, elements={
0x00007f1060011000, 0x00007f10600d1800, 0x00007f10600d3800, 0x00007f10600dd000,
0x00007f10600e7000, 0x00007f10600e9000, 0x00007f10600eb000, 0x00007f10600ed000,
0x00007f106019a000, 0x00007f1060222800
}

Java Threads: ( => current thread )
=>0x00007f1060011000 JavaThread "main" [_thread_in_vm, id=2744, stack(0x00007f1064800000,0x00007f1064901000)]
  0x00007f10600d1800 JavaThread "Reference Handler" daemon [_thread_blocked, id=2757, stack(0x00007f102b07d000,0x00007f102b17e000)]
  0x00007f10600d3800 JavaThread "Finalizer" daemon [_thread_blocked, id=2758, stack(0x00007f102af7c000,0x00007f102b07d000)]
  0x00007f10600dd000 JavaThread "Signal Dispatcher" daemon [_thread_blocked, id=2759, stack(0x00007f102ab96000,0x00007f102ac97000)]
  0x00007f10600e7000 JavaThread "C2 CompilerThread0" daemon [_thread_blocked, id=2760, stack(0x00007f102aa95000,0x00007f102ab96000)]
  0x00007f10600e9000 JavaThread "C2 CompilerThread1" daemon [_thread_blocked, id=2761, stack(0x00007f102a994000,0x00007f102aa95000)]
  0x00007f10600eb000 JavaThread "C1 CompilerThread2" daemon [_thread_blocked, id=2762, stack(0x00007f102a893000,0x00007f102a994000)]
  0x00007f10600ed000 JavaThread "Sweeper thread" daemon [_thread_blocked, id=2763, stack(0x00007f102a792000,0x00007f102a893000)]
  0x00007f106019a000 JavaThread "Service Thread" daemon [_thread_blocked, id=2764, stack(0x00007f102a691000,0x00007f102a792000)]
  0x00007f1060222800 JavaThread "Common-Cleaner" daemon [_thread_blocked, id=2766, stack(0x00007f102a064000,0x00007f102a165000)]

Other Threads:
  0x00007f10600c8000 VMThread "VM Thread" [stack: 0x00007f102b180000,0x00007f102b280000] [id=2756]
  0x00007f106019c800 WatcherThread [stack: 0x00007f102a591000,0x00007f102a691000] [id=2765]
  0x00007f1060027000 GCTaskThread "GC Thread#0" [stack: 0x00007f1047735000,0x00007f1047835000] [id=2745]
  0x00007f1060028800 GCTaskThread "GC Thread#1" [stack: 0x00007f1047633000,0x00007f1047733000] [id=2746]
  0x00007f106002a800 GCTaskThread "GC Thread#2" [stack: 0x00007f1047531000,0x00007f1047631000] [id=2747]
  0x00007f106002c000 GCTaskThread "GC Thread#3" [stack: 0x00007f104742f000,0x00007f104752f000] [id=2748]
  0x00007f1060055800 ConcurrentGCThread "G1 Main Marker" [stack: 0x00007f10444c0000,0x00007f10445c0000] [id=2749]
  0x00007f1060057000 ConcurrentGCThread "G1 Conc#0" [stack: 0x00007f10443be000,0x00007f10444be000] [id=2750]
  0x00007f1060060000 ConcurrentGCThread "G1 Refine#0" [stack: 0x00007f102bf00000,0x00007f102c000000] [id=2751]
  0x00007f1060061800 ConcurrentGCThread "G1 Refine#1" [stack: 0x00007f102bdfe000,0x00007f102befe000] [id=2752]
  0x00007f1060063800 ConcurrentGCThread "G1 Refine#2" [stack: 0x00007f102bcfc000,0x00007f102bdfc000] [id=2753]
  0x00007f1060065000 ConcurrentGCThread "G1 Refine#3" [stack: 0x00007f102bbfa000,0x00007f102bcfa000] [id=2754]
  0x00007f1060067000 ConcurrentGCThread "G1 Young RemSet Sampling" [stack: 0x00007f102baf8000,0x00007f102bbf8000] [id=2755]

Threads with active compile tasks:

VM state:not at safepoint (normal execution)

VM Mutex/Monitor currently owned by a thread: None

Heap address: 0x0000000084a00000, size: 1974 MB, Compressed Oops mode: 32-bit
Narrow klass base: 0x0000000000000000, Narrow klass shift: 3
Compressed class space size: 1073741824 Address: 0x0000000100000000

Heap:
 garbage-first heap   total 8192K, used 1347K [0x0000000084a00000, 0x0000000100000000)
  region size 1024K, 2 young (2048K), 1 survivors (1024K)
 Metaspace       used 8339K, capacity 8563K, committed 8704K, reserved 1056768K
  class space    used 816K, capacity 903K, committed 1024K, reserved 1048576K
Heap Regions: E=young(eden), S=young(survivor), O=old, HS=humongous(starts), HC=humongous(continues), CS=collection set, F=free, A=archive, TS=gc time stamp, AC=allocation context, TAMS=top-at-mark-start (previous, next)
|   0|0x0000000084a00000, 0x0000000084a50e00, 0x0000000084b00000| 31%| O|  |TS  1|AC  0|TAMS 0x0000000084a00000, 0x0000000084a00000|
|   1|0x0000000084b00000, 0x0000000084b00000, 0x0000000084c00000|  0%| F|  |TS  0|AC  0|TAMS 0x0000000084b00000, 0x0000000084b00000|
|   2|0x0000000084c00000, 0x0000000084c00000, 0x0000000084d00000|  0%| F|  |TS  0|AC  0|TAMS 0x0000000084c00000, 0x0000000084c00000|
|   3|0x0000000084d00000, 0x0000000084d00000, 0x0000000084e00000|  0%| F|  |TS  0|AC  0|TAMS 0x0000000084d00000, 0x0000000084d00000|
|   4|0x0000000084e00000, 0x0000000084f00000, 0x0000000084f00000|100%| S|CS|TS  1|AC  0|TAMS 0x0000000084e00000, 0x0000000084e00000|
|   5|0x0000000084f00000, 0x0000000084f00000, 0x0000000085000000|  0%| F|  |TS  1|AC  0|TAMS 0x0000000084f00000, 0x0000000084f00000|
|   6|0x0000000085000000, 0x0000000085000000, 0x0000000085100000|  0%| F|  |TS  1|AC  0|TAMS 0x0000000085000000, 0x0000000085000000|
|   7|0x0000000085100000, 0x000000008517b230, 0x0000000085200000| 48%| E|  |TS  1|AC  0|TAMS 0x0000000085100000, 0x0000000085100000|

Card table byte_map: [0x00007f1046873000,0x00007f1046c4e000] byte_map_base: 0x00007f104644e000

Marking Bits (Prev, Next): (CMBitMap*) 0x00007f1060054960, (CMBitMap*) 0x00007f1060054998
 Prev Bits: [0x00007f10445c0000, 0x00007f1046498000)
 Next Bits: [0x00007f1036128000, 0x00007f1038000000)

Polling page: 0x00007f1066304000

CodeHeap 'non-profiled nmethods': size=120032Kb used=113Kb max_used=113Kb free=119918Kb
 bounds [0x00007f104f3e8000, 0x00007f104f658000, 0x00007f1056920000]
CodeHeap 'profiled nmethods': size=120032Kb used=581Kb max_used=581Kb free=119450Kb
 bounds [0x00007f1047eb0000, 0x00007f1048120000, 0x00007f104f3e8000]
CodeHeap 'non-nmethods': size=5696Kb used=1021Kb max_used=1032Kb free=4674Kb
 bounds [0x00007f1047920000, 0x00007f1047b90000, 0x00007f1047eb0000]
 total_blobs=803 nmethods=396 adapters=222
 compilation: enabled

Compilation events (10 events):
Event: 0.320 Thread 0x00007f10600eb000 nmethod 391 0x00007f1047f3e310 code [0x00007f1047f3e4c0, 0x00007f1047f3e668]
Event: 0.320 Thread 0x00007f10600eb000  392       3       jdk.internal.jimage.ImageLocation::getCompressedSize (7 bytes)
Event: 0.321 Thread 0x00007f10600eb000 nmethod 392 0x00007f1047f3e710 code [0x00007f1047f3e8c0, 0x00007f1047f3ea68]
Event: 0.321 Thread 0x00007f10600e7000 nmethod 381 0x00007f104f403910 code [0x00007f104f403ac0, 0x00007f104f403e98]
Event: 0.324 Thread 0x00007f10600e9000 nmethod 394 0x00007f104f404010 code [0x00007f104f4041c0, 0x00007f104f4044b8]
Event: 0.327 Thread 0x00007f10600eb000  395       3       java.security.CodeSource::<init> (52 bytes)
Event: 0.327 Thread 0x00007f10600eb000 nmethod 395 0x00007f1047f3eb10 code [0x00007f1047f3ed00, 0x00007f1047f3f278]
Event: 0.327 Thread 0x00007f10600eb000  396       3       java.security.SecureClassLoader::getProtectionDomain (38 bytes)
Event: 0.327 Thread 0x00007f10600eb000 nmethod 396 0x00007f1047f3f390 code [0x00007f1047f3f5a0, 0x00007f1047f3fc48]
Event: 0.328 Thread 0x00007f10600eb000  397       3       java.lang.ClassLoader::defineClass (108 bytes)

GC Heap History (2 events):
Event: 0.286 GC heap before
{Heap before GC invocations=0 (full 0):
 garbage-first heap   total 8192K, used 3072K [0x0000000084a00000, 0x0000000100000000)
  region size 1024K, 3 young (3072K), 0 survivors (0K)
 Metaspace       used 7554K, capacity 7731K, committed 8064K, reserved 1056768K
  class space    used 697K, capacity 775K, committed 896K, reserved 1048576K
}
Event: 0.289 GC heap after
{Heap after GC invocations=1 (full 0):
 garbage-first heap   total 8192K, used 1347K [0x0000000084a00000, 0x0000000100000000)
  region size 1024K, 1 young (1024K), 1 survivors (1024K)
 Metaspace       used 7554K, capacity 7731K, committed 8064K, reserved 1056768K
  class space    used 697K, capacity 775K, committed 896K, reserved 1048576K
}

Deoptimization events (3 events):
Event: 0.119 Thread 0x00007f1060011000 Uncommon trap: reason=unstable_if action=reinterpret pc=0x00007f104f3ebb68 method=java.lang.String.hashCode()I @ 14 c2
Event: 0.241 Thread 0x00007f1060011000 Uncommon trap: reason=unstable_if action=reinterpret pc=0x00007f104f3f3bfc method=java.nio.Buffer.hasRemaining()Z @ 8 c2
Event: 0.260 Thread 0x00007f1060011000 Uncommon trap: reason=unstable_if action=reinterpret pc=0x00007f104f3f1590 method=java.util.HashMap.putVal(ILjava/lang/Object;Ljava/lang/Object;ZZ)Ljava/lang/Object; @ 69 c2

Classes redefined (0 events):
No events

Internal exceptions (9 events):
Event: 0.192 Thread 0x00007f1060011000 Exception <a 'java/lang/NoSuchMethodError'{0x00000000850a63e0}: method resolution failed> (0x00000000850a63e0) thrown at [/build/java10-openjdk/src/jdk10u-jdk-10.0.2+13/src/hotspot/share/prims/methodHandles.cpp, line 1226]
Event: 0.197 Thread 0x00007f1060011000 Exception <a 'java/lang/NoSuchMethodError'{0x00000000850b3aa0}: java.lang.invoke.DirectMethodHandle$Holder.invokeInterface(Ljava/lang/Object;Ljava/lang/Object;Ljava/lang/Object;)I> (0x00000000850b3aa0) thrown at [/build/java10-openjdk/src/jdk10u-jdk-10.0.
Event: 0.243 Thread 0x00007f1060011000 Exception <a 'java/lang/NoSuchMethodError'{0x0000000084f30b50}: method resolution failed> (0x0000000084f30b50) thrown at [/build/java10-openjdk/src/jdk10u-jdk-10.0.2+13/src/hotspot/share/prims/methodHandles.cpp, line 1226]
Event: 0.244 Thread 0x00007f1060011000 Exception <a 'java/lang/NoSuchMethodError'{0x0000000084f387a8}: method resolution failed> (0x0000000084f387a8) thrown at [/build/java10-openjdk/src/jdk10u-jdk-10.0.2+13/src/hotspot/share/prims/methodHandles.cpp, line 1226]
Event: 0.244 Thread 0x00007f1060011000 Exception <a 'java/lang/NoSuchMethodError'{0x0000000084f3c5d8}: method resolution failed> (0x0000000084f3c5d8) thrown at [/build/java10-openjdk/src/jdk10u-jdk-10.0.2+13/src/hotspot/share/prims/methodHandles.cpp, line 1226]
Event: 0.256 Thread 0x00007f1060011000 Exception <a 'java/lang/NoSuchMethodError'{0x0000000084f5a970}: java.lang.invoke.DirectMethodHandle$Holder.invokeStatic(Ljava/lang/Object;Ljava/lang/Object;)I> (0x0000000084f5a970) thrown at [/build/java10-openjdk/src/jdk10u-jdk-10.0.2+13/src/hotspot/shar
Event: 0.262 Thread 0x00007f1060011000 Exception <a 'java/lang/NoSuchMethodError'{0x0000000084f67868}: method resolution failed> (0x0000000084f67868) thrown at [/build/java10-openjdk/src/jdk10u-jdk-10.0.2+13/src/hotspot/share/prims/methodHandles.cpp, line 1226]
Event: 0.262 Thread 0x00007f1060011000 Exception <a 'java/lang/NoSuchMethodError'{0x0000000084f6e388}: java.lang.invoke.DirectMethodHandle$Holder.invokeVirtual(Ljava/lang/Object;Ljava/lang/Object;Ljava/lang/Object;)I> (0x0000000084f6e388) thrown at [/build/java10-openjdk/src/jdk10u-jdk-10.0.2+
Event: 0.264 Thread 0x00007f1060011000 Exception <a 'java/lang/NoSuchMethodError'{0x0000000084f74f90}: java.lang.invoke.DirectMethodHandle$Holder.invokeInterface(Ljava/lang/Object;Ljava/lang/Object;Ljava/lang/Object;)V> (0x0000000084f74f90) thrown at [/build/java10-openjdk/src/jdk10u-jdk-10.0.

Events (10 events):
Event: 0.281 loading class com/sun/tools/javac/code/ClassFinder
Event: 0.281 loading class com/sun/tools/javac/code/ClassFinder done
Event: 0.282 loading class java/nio/file/ClosedFileSystemException
Event: 0.282 loading class java/nio/file/ClosedFileSystemException done
Event: 0.282 loading class java/lang/ArrayIndexOutOfBoundsException
Event: 0.282 loading class java/lang/ArrayIndexOutOfBoundsException done
Event: 0.286 Executing VM operation: G1IncCollectionPause
Event: 0.289 Executing VM operation: G1IncCollectionPause done
Event: 0.295 loading class java/util/AbstractQueue
Event: 0.295 loading class java/util/AbstractQueue done


Dynamic libraries:
84a00000-85200000 rw-p 00000000 00:00 0 
85200000-100000000 ---p 00000000 00:00 0 
100000000-100100000 rw-p 00000000 00:00 0 
100100000-140000000 ---p 00000000 00:00 0 
55a1c4ce1000-55a1c4ce2000 r-xp 00000000 08:05 6851927                    /usr/lib/jvm/java-10-openjdk/bin/javac
55a1c4ee2000-55a1c4ee3000 r--p 00001000 08:05 6851927                    /usr/lib/jvm/java-10-openjdk/bin/javac
55a1c4ee3000-55a1c4ee4000 rw-p 00002000 08:05 6851927                    /usr/lib/jvm/java-10-openjdk/bin/javac
55a1c6165000-55a1c6186000 rw-p 00000000 00:00 0                          [heap]
7f0fe0000000-7f0fe0021000 rw-p 00000000 00:00 0 
7f0fe0021000-7f0fe4000000 ---p 00000000 00:00 0 
7f0fe8000000-7f0fe8021000 rw-p 00000000 00:00 0 
7f0fe8021000-7f0fec000000 ---p 00000000 00:00 0 
7f0fec000000-7f0fec021000 rw-p 00000000 00:00 0 
7f0fec021000-7f0ff0000000 ---p 00000000 00:00 0 
7f0ff0000000-7f0ff0108000 rw-p 00000000 00:00 0 
7f0ff0108000-7f0ff4000000 ---p 00000000 00:00 0 
7f0ff4000000-7f0ff4021000 rw-p 00000000 00:00 0 
7f0ff4021000-7f0ff8000000 ---p 00000000 00:00 0 
7f0ff8000000-7f0ff80d8000 rw-p 00000000 00:00 0 
7f0ff80d8000-7f0ffc000000 ---p 00000000 00:00 0 
7f0ffc000000-7f0ffc131000 rw-p 00000000 00:00 0 
7f0ffc131000-7f1000000000 ---p 00000000 00:00 0 
7f1000000000-7f1000021000 rw-p 00000000 00:00 0 
7f1000021000-7f1004000000 ---p 00000000 00:00 0 
7f1004000000-7f1004021000 rw-p 00000000 00:00 0 
7f1004021000-7f1008000000 ---p 00000000 00:00 0 
7f1008000000-7f1008021000 rw-p 00000000 00:00 0 
7f1008021000-7f100c000000 ---p 00000000 00:00 0 
7f100c000000-7f100c021000 rw-p 00000000 00:00 0 
7f100c021000-7f1010000000 ---p 00000000 00:00 0 
7f1010000000-7f1010021000 rw-p 00000000 00:00 0 
7f1010021000-7f1014000000 ---p 00000000 00:00 0 
7f1014000000-7f1014021000 rw-p 00000000 00:00 0 
7f1014021000-7f1018000000 ---p 00000000 00:00 0 
7f1018000000-7f1018021000 rw-p 00000000 00:00 0 
7f1018021000-7f101c000000 ---p 00000000 00:00 0 
7f101c000000-7f101c021000 rw-p 00000000 00:00 0 
7f101c021000-7f1020000000 ---p 00000000 00:00 0 
7f1020000000-7f1020021000 rw-p 00000000 00:00 0 
7f1020021000-7f1024000000 ---p 00000000 00:00 0 
7f1024000000-7f1024021000 rw-p 00000000 00:00 0 
7f1024021000-7f1028000000 ---p 00000000 00:00 0 
7f102a064000-7f102a068000 ---p 00000000 00:00 0 
7f102a068000-7f102a165000 rw-p 00000000 00:00 0 
7f102a165000-7f102a17c000 r-xp 00000000 08:05 7087948                    /usr/lib/jvm/java-10-openjdk/lib/libnet.so
7f102a17c000-7f102a37b000 ---p 00017000 08:05 7087948                    /usr/lib/jvm/java-10-openjdk/lib/libnet.so
7f102a37b000-7f102a37c000 r--p 00016000 08:05 7087948                    /usr/lib/jvm/java-10-openjdk/lib/libnet.so
7f102a37c000-7f102a37d000 rw-p 00017000 08:05 7087948                    /usr/lib/jvm/java-10-openjdk/lib/libnet.so
7f102a37d000-7f102a38e000 r-xp 00000000 08:05 7087950                    /usr/lib/jvm/java-10-openjdk/lib/libnio.so
7f102a38e000-7f102a58d000 ---p 00011000 08:05 7087950                    /usr/lib/jvm/java-10-openjdk/lib/libnio.so
7f102a58d000-7f102a58e000 r--p 00010000 08:05 7087950                    /usr/lib/jvm/java-10-openjdk/lib/libnio.so
7f102a58e000-7f102a58f000 rw-p 00011000 08:05 7087950                    /usr/lib/jvm/java-10-openjdk/lib/libnio.so
7f102a58f000-7f102a590000 ---p 00000000 00:00 0 
7f102a590000-7f102a691000 rw-p 00000000 00:00 0 
7f102a691000-7f102a695000 ---p 00000000 00:00 0 
7f102a695000-7f102a792000 rw-p 00000000 00:00 0 
7f102a792000-7f102a796000 ---p 00000000 00:00 0 
7f102a796000-7f102a893000 rw-p 00000000 00:00 0 
7f102a893000-7f102a897000 ---p 00000000 00:00 0 
7f102a897000-7f102a994000 rw-p 00000000 00:00 0 
7f102a994000-7f102a998000 ---p 00000000 00:00 0 
7f102a998000-7f102aa95000 rw-p 00000000 00:00 0 
7f102aa95000-7f102aa99000 ---p 00000000 00:00 0 
7f102aa99000-7f102ab96000 rw-p 00000000 00:00 0 
7f102ab96000-7f102ab9a000 ---p 00000000 00:00 0 
7f102ab9a000-7f102ac97000 rw-p 00000000 00:00 0 
7f102ac97000-7f102af7c000 r--p 00000000 08:05 6302933                    /usr/lib/locale/locale-archive
7f102af7c000-7f102af80000 ---p 00000000 00:00 0 
7f102af80000-7f102b07d000 rw-p 00000000 00:00 0 
7f102b07d000-7f102b081000 ---p 00000000 00:00 0 
7f102b081000-7f102b17e000 rw-p 00000000 00:00 0 
7f102b17e000-7f102b17f000 ---p 00000000 00:00 0 
7f102b17f000-7f102ba76000 rw-p 00000000 00:00 0 
7f102ba76000-7f102baf6000 ---p 00000000 00:00 0 
7f102baf6000-7f102baf7000 ---p 00000000 00:00 0 
7f102baf7000-7f102bbf8000 rw-p 00000000 00:00 0 
7f102bbf8000-7f102bbf9000 ---p 00000000 00:00 0 
7f102bbf9000-7f102bcfa000 rw-p 00000000 00:00 0 
7f102bcfa000-7f102bcfb000 ---p 00000000 00:00 0 
7f102bcfb000-7f102bdfc000 rw-p 00000000 00:00 0 
7f102bdfc000-7f102bdfd000 ---p 00000000 00:00 0 
7f102bdfd000-7f102befe000 rw-p 00000000 00:00 0 
7f102befe000-7f102beff000 ---p 00000000 00:00 0 
7f102beff000-7f102c000000 rw-p 00000000 00:00 0 
7f102c000000-7f102c021000 rw-p 00000000 00:00 0 
7f102c021000-7f1030000000 ---p 00000000 00:00 0 
7f1030000000-7f1030021000 rw-p 00000000 00:00 0 
7f1030021000-7f1034000000 ---p 00000000 00:00 0 
7f1034027000-7f1036148000 rw-p 00000000 00:00 0 
7f1036148000-7f1038000000 ---p 00000000 00:00 0 
7f1038000000-7f1038021000 rw-p 00000000 00:00 0 
7f1038021000-7f103c000000 ---p 00000000 00:00 0 
7f103c000000-7f103c021000 rw-p 00000000 00:00 0 
7f103c021000-7f1040000000 ---p 00000000 00:00 0 
7f1040000000-7f1040021000 rw-p 00000000 00:00 0 
7f1040021000-7f1044000000 ---p 00000000 00:00 0 
7f1044036000-7f10443bc000 rw-p 00000000 00:00 0 
7f10443bc000-7f10443bd000 ---p 00000000 00:00 0 
7f10443bd000-7f10444be000 rw-p 00000000 00:00 0 
7f10444be000-7f10444bf000 ---p 00000000 00:00 0 
7f10444bf000-7f10445e0000 rw-p 00000000 00:00 0 
7f10445e0000-7f1046498000 ---p 00000000 00:00 0 
7f1046498000-7f104649c000 rw-p 00000000 00:00 0 
7f104649c000-7f1046873000 ---p 00000000 00:00 0 
7f1046873000-7f1046877000 rw-p 00000000 00:00 0 
7f1046877000-7f1046c4e000 ---p 00000000 00:00 0 
7f1046c4e000-7f1046c52000 rw-p 00000000 00:00 0 
7f1046c52000-7f1047029000 ---p 00000000 00:00 0 
7f1047029000-7f104742d000 rw-p 00000000 00:00 0 
7f104742d000-7f104742e000 ---p 00000000 00:00 0 
7f104742e000-7f104752f000 rw-p 00000000 00:00 0 
7f104752f000-7f1047530000 ---p 00000000 00:00 0 
7f1047530000-7f1047631000 rw-p 00000000 00:00 0 
7f1047631000-7f1047632000 ---p 00000000 00:00 0 
7f1047632000-7f1047733000 rw-p 00000000 00:00 0 
7f1047733000-7f1047734000 ---p 00000000 00:00 0 
7f1047734000-7f104783a000 rw-p 00000000 00:00 0 
7f104783a000-7f1047920000 ---p 00000000 00:00 0 
7f1047920000-7f1047b90000 rwxp 00000000 00:00 0 
7f1047b90000-7f1047eb0000 ---p 00000000 00:00 0 
7f1047eb0000-7f1048120000 rwxp 00000000 00:00 0 
7f1048120000-7f104f3e8000 ---p 00000000 00:00 0 
7f104f3e8000-7f104f658000 rwxp 00000000 00:00 0 
7f104f658000-7f1056920000 ---p 00000000 00:00 0 
7f1056920000-7f105fdfa000 r--s 00000000 08:05 7088388                    /usr/lib/jvm/java-10-openjdk/lib/modules
7f105fdfa000-7f105fdff000 r-xp 00000000 08:05 7087931                    /usr/lib/jvm/java-10-openjdk/lib/libjimage.so
7f105fdff000-7f105fffe000 ---p 00005000 08:05 7087931                    /usr/lib/jvm/java-10-openjdk/lib/libjimage.so
7f105fffe000-7f105ffff000 r--p 00004000 08:05 7087931                    /usr/lib/jvm/java-10-openjdk/lib/libjimage.so
7f105ffff000-7f1060000000 rw-p 00005000 08:05 7087931                    /usr/lib/jvm/java-10-openjdk/lib/libjimage.so
7f1060000000-7f1060327000 rw-p 00000000 00:00 0 
7f1060327000-7f1064000000 ---p 00000000 00:00 0 
7f1064009000-7f10640cc000 rw-p 00000000 00:00 0 
7f10640cc000-7f10641b2000 ---p 00000000 00:00 0 
7f10641b2000-7f10641b9000 r-xp 00000000 08:05 7088387                    /usr/lib/jvm/java-10-openjdk/lib/libzip.so
7f10641b9000-7f10643b8000 ---p 00007000 08:05 7088387                    /usr/lib/jvm/java-10-openjdk/lib/libzip.so
7f10643b8000-7f10643b9000 r--p 00006000 08:05 7088387                    /usr/lib/jvm/java-10-openjdk/lib/libzip.so
7f10643b9000-7f10643ba000 rw-p 00007000 08:05 7088387                    /usr/lib/jvm/java-10-openjdk/lib/libzip.so
7f10643ba000-7f10643e5000 r-xp 00000000 08:05 7087924                    /usr/lib/jvm/java-10-openjdk/lib/libjava.so
7f10643e5000-7f10645e4000 ---p 0002b000 08:05 7087924                    /usr/lib/jvm/java-10-openjdk/lib/libjava.so
7f10645e4000-7f10645e5000 r--p 0002a000 08:05 7087924                    /usr/lib/jvm/java-10-openjdk/lib/libjava.so
7f10645e5000-7f10645e6000 rw-p 0002b000 08:05 7087924                    /usr/lib/jvm/java-10-openjdk/lib/libjava.so
7f10645e6000-7f10645e7000 rw-p 00000000 00:00 0 
7f10645e7000-7f10645f4000 r-xp 00000000 08:05 7088375                    /usr/lib/jvm/java-10-openjdk/lib/libverify.so
7f10645f4000-7f10647f3000 ---p 0000d000 08:05 7088375                    /usr/lib/jvm/java-10-openjdk/lib/libverify.so
7f10647f3000-7f10647f5000 r--p 0000c000 08:05 7088375                    /usr/lib/jvm/java-10-openjdk/lib/libverify.so
7f10647f5000-7f10647f6000 rw-p 0000e000 08:05 7088375                    /usr/lib/jvm/java-10-openjdk/lib/libverify.so
7f10647f6000-7f10647f8000 r--p 00000000 08:05 6300007                    /usr/lib/librt-2.28.so
7f10647f8000-7f10647fc000 r-xp 00002000 08:05 6300007                    /usr/lib/librt-2.28.so
7f10647fc000-7f10647fe000 r--p 00006000 08:05 6300007                    /usr/lib/librt-2.28.so
7f10647fe000-7f10647ff000 r--p 00007000 08:05 6300007                    /usr/lib/librt-2.28.so
7f10647ff000-7f1064800000 rw-p 00008000 08:05 6300007                    /usr/lib/librt-2.28.so
7f1064800000-7f1064804000 ---p 00000000 00:00 0 
7f1064804000-7f1064901000 rw-p 00000000 00:00 0 
7f1064901000-7f1064904000 r--p 00000000 08:05 6295631                    /usr/lib/libgcc_s.so.1
7f1064904000-7f1064915000 r-xp 00003000 08:05 6295631                    /usr/lib/libgcc_s.so.1
7f1064915000-7f1064918000 r--p 00014000 08:05 6295631                    /usr/lib/libgcc_s.so.1
7f1064918000-7f1064919000 ---p 00017000 08:05 6295631                    /usr/lib/libgcc_s.so.1
7f1064919000-7f106491a000 r--p 00017000 08:05 6295631                    /usr/lib/libgcc_s.so.1
7f106491a000-7f106491b000 rw-p 00018000 08:05 6295631                    /usr/lib/libgcc_s.so.1
7f106491b000-7f1064928000 r--p 00000000 08:05 6299970                    /usr/lib/libm-2.28.so
7f1064928000-7f10649c9000 r-xp 0000d000 08:05 6299970                    /usr/lib/libm-2.28.so
7f10649c9000-7f1064a9e000 r--p 000ae000 08:05 6299970                    /usr/lib/libm-2.28.so
7f1064a9e000-7f1064a9f000 r--p 00182000 08:05 6299970                    /usr/lib/libm-2.28.so
7f1064a9f000-7f1064aa0000 rw-p 00183000 08:05 6299970                    /usr/lib/libm-2.28.so
7f1064aa0000-7f1064b29000 r--p 00000000 08:05 6297230                    /usr/lib/libstdc++.so.6.0.25
7f1064b29000-7f1064be1000 r-xp 00089000 08:05 6297230                    /usr/lib/libstdc++.so.6.0.25
7f1064be1000-7f1064c1e000 r--p 00141000 08:05 6297230                    /usr/lib/libstdc++.so.6.0.25
7f1064c1e000-7f1064c1f000 ---p 0017e000 08:05 6297230                    /usr/lib/libstdc++.so.6.0.25
7f1064c1f000-7f1064c2b000 r--p 0017e000 08:05 6297230                    /usr/lib/libstdc++.so.6.0.25
7f1064c2b000-7f1064c2c000 rw-p 0018a000 08:05 6297230                    /usr/lib/libstdc++.so.6.0.25
7f1064c2c000-7f1064c2f000 rw-p 00000000 00:00 0 
7f1064c2f000-7f1065b7c000 r-xp 00000000 08:05 7088400                    /usr/lib/jvm/java-10-openjdk/lib/server/libjvm.so
7f1065b7c000-7f1065d7c000 ---p 00f4d000 08:05 7088400                    /usr/lib/jvm/java-10-openjdk/lib/server/libjvm.so
7f1065d7c000-7f1065e41000 r--p 00f4d000 08:05 7088400                    /usr/lib/jvm/java-10-openjdk/lib/server/libjvm.so
7f1065e41000-7f1065e79000 rw-p 01012000 08:05 7088400                    /usr/lib/jvm/java-10-openjdk/lib/server/libjvm.so
7f1065e79000-7f1065ec4000 rw-p 00000000 00:00 0 
7f1065ec4000-7f1065eca000 r--p 00000000 08:05 6299999                    /usr/lib/libpthread-2.28.so
7f1065eca000-7f1065ed9000 r-xp 00006000 08:05 6299999                    /usr/lib/libpthread-2.28.so
7f1065ed9000-7f1065edf000 r--p 00015000 08:05 6299999                    /usr/lib/libpthread-2.28.so
7f1065edf000-7f1065ee0000 r--p 0001a000 08:05 6299999                    /usr/lib/libpthread-2.28.so
7f1065ee0000-7f1065ee1000 rw-p 0001b000 08:05 6299999                    /usr/lib/libpthread-2.28.so
7f1065ee1000-7f1065ee5000 rw-p 00000000 00:00 0 
7f1065ee5000-7f1065ee6000 r--p 00000000 08:05 6299964                    /usr/lib/libdl-2.28.so
7f1065ee6000-7f1065ee7000 r-xp 00001000 08:05 6299964                    /usr/lib/libdl-2.28.so
7f1065ee7000-7f1065ee8000 r--p 00002000 08:05 6299964                    /usr/lib/libdl-2.28.so
7f1065ee8000-7f1065ee9000 r--p 00002000 08:05 6299964                    /usr/lib/libdl-2.28.so
7f1065ee9000-7f1065eea000 rw-p 00003000 08:05 6299964                    /usr/lib/libdl-2.28.so
7f1065eea000-7f1065f00000 r-xp 00000000 08:05 6301412                    /usr/lib/libz.so.1.2.11
7f1065f00000-7f10660ff000 ---p 00016000 08:05 6301412                    /usr/lib/libz.so.1.2.11
7f10660ff000-7f1066100000 r--p 00015000 08:05 6301412                    /usr/lib/libz.so.1.2.11
7f1066100000-7f1066101000 rw-p 00016000 08:05 6301412                    /usr/lib/libz.so.1.2.11
7f1066101000-7f1066123000 r--p 00000000 08:05 6299955                    /usr/lib/libc-2.28.so
7f1066123000-7f106626e000 r-xp 00022000 08:05 6299955                    /usr/lib/libc-2.28.so
7f106626e000-7f10662ba000 r--p 0016d000 08:05 6299955                    /usr/lib/libc-2.28.so
7f10662ba000-7f10662bb000 ---p 001b9000 08:05 6299955                    /usr/lib/libc-2.28.so
7f10662bb000-7f10662bf000 r--p 001b9000 08:05 6299955                    /usr/lib/libc-2.28.so
7f10662bf000-7f10662c1000 rw-p 001bd000 08:05 6299955                    /usr/lib/libc-2.28.so
7f10662c1000-7f10662c5000 rw-p 00000000 00:00 0 
7f10662da000-7f10662e0000 rw-p 00000000 00:00 0 
7f10662e0000-7f10662e7000 ---p 00000000 00:00 0 
7f10662e7000-7f10662ef000 rw-s 00000000 00:2a 39                         /tmp/hsperfdata_taylorallen/2743
7f10662ef000-7f10662f2000 r--p 00000000 08:05 6299992                    /usr/lib/libnss_files-2.28.so
7f10662f2000-7f10662f9000 r-xp 00003000 08:05 6299992                    /usr/lib/libnss_files-2.28.so
7f10662f9000-7f10662fc000 r--p 0000a000 08:05 6299992                    /usr/lib/libnss_files-2.28.so
7f10662fc000-7f10662fd000 r--p 0000c000 08:05 6299992                    /usr/lib/libnss_files-2.28.so
7f10662fd000-7f10662fe000 rw-p 0000d000 08:05 6299992                    /usr/lib/libnss_files-2.28.so
7f10662fe000-7f1066304000 rw-p 00000000 00:00 0 
7f1066304000-7f1066305000 ---p 00000000 00:00 0 
7f1066305000-7f1066306000 r--p 00000000 00:00 0 
7f1066306000-7f1066314000 r-xp 00000000 08:05 7087446                    /usr/lib/jvm/java-10-openjdk/lib/jli/libjli.so
7f1066314000-7f1066513000 ---p 0000e000 08:05 7087446                    /usr/lib/jvm/java-10-openjdk/lib/jli/libjli.so
7f1066513000-7f1066514000 r--p 0000d000 08:05 7087446                    /usr/lib/jvm/java-10-openjdk/lib/jli/libjli.so
7f1066514000-7f1066515000 rw-p 0000e000 08:05 7087446                    /usr/lib/jvm/java-10-openjdk/lib/jli/libjli.so
7f1066515000-7f1066517000 rw-p 00000000 00:00 0 
7f1066517000-7f1066519000 r--p 00000000 08:05 6299944                    /usr/lib/ld-2.28.so
7f1066519000-7f1066538000 r-xp 00002000 08:05 6299944                    /usr/lib/ld-2.28.so
7f1066538000-7f1066540000 r--p 00021000 08:05 6299944                    /usr/lib/ld-2.28.so
7f1066540000-7f1066541000 r--p 00028000 08:05 6299944                    /usr/lib/ld-2.28.so
7f1066541000-7f1066542000 rw-p 00029000 08:05 6299944                    /usr/lib/ld-2.28.so
7f1066542000-7f1066543000 rw-p 00000000 00:00 0 
7fff9907f000-7fff990a0000 rw-p 00000000 00:00 0                          [stack]
7fff990b0000-7fff990b3000 r--p 00000000 00:00 0                          [vvar]
7fff990b3000-7fff990b5000 r-xp 00000000 00:00 0                          [vdso]
ffffffffff600000-ffffffffff601000 r-xp 00000000 00:00 0                  [vsyscall]


VM Arguments:
jvm_args: -Denv.class.path=:.:::/usr/share/jgrasp/extensions/classes -Dapplication.home=/usr/lib/jvm/java-10-openjdk --add-modules=ALL-DEFAULT -Xms8m -Djdk.module.main=jdk.compiler 
java_command: jdk.compiler/com.sun.tools.javac.Main -g WordCount.java
java_class_path (initial): <not set>
Launcher Type: SUN_STANDARD

Logging:
Log output configuration:
#0: stdout all=warning uptime,level,tags
#1: stderr all=off uptime,level,tags

Environment Variables:
CLASSPATH=:.:::/usr/share/jgrasp/extensions/classes
PATH=:/usr/lib/jvm/java-10-openjdk/bin:/usr/local/bin:/usr/bin:/bin:/usr/local/sbin:/opt/android-sdk/platform-tools:/usr/lib/jvm/default/bin:/usr/bin/site_perl:/usr/bin/vendor_perl:/usr/bin/core_perl
SHELL=/usr/bin/fish
DISPLAY=:0

Signal Handlers:
SIGSEGV: [libjvm.so+0xd091e0], sa_mask[0]=11111111011111111101111111111110, sa_flags=SA_RESTART|SA_SIGINFO
SIGBUS: [libjvm.so+0xd091e0], sa_mask[0]=11111111011111111101111111111110, sa_flags=SA_RESTART|SA_SIGINFO
SIGFPE: [libjvm.so+0xd091e0], sa_mask[0]=11111111011111111101111111111110, sa_flags=SA_RESTART|SA_SIGINFO
SIGPIPE: [libjvm.so+0xb1ff30], sa_mask[0]=11111111011111111101111111111110, sa_flags=SA_RESTART|SA_SIGINFO
SIGXFSZ: [libjvm.so+0xb1ff30], sa_mask[0]=11111111011111111101111111111110, sa_flags=SA_RESTART|SA_SIGINFO
SIGILL: [libjvm.so+0xd091e0], sa_mask[0]=11111111011111111101111111111110, sa_flags=SA_RESTART|SA_SIGINFO
SIGUSR2: [libjvm.so+0xb1fc40], sa_mask[0]=00100000000000000000000000000000, sa_flags=SA_RESTART|SA_SIGINFO
SIGHUP: [libjvm.so+0xb1fdd0], sa_mask[0]=11111111011111111101111111111110, sa_flags=SA_RESTART|SA_SIGINFO
SIGINT: [libjvm.so+0xb1fdd0], sa_mask[0]=11111111011111111101111111111110, sa_flags=SA_RESTART|SA_SIGINFO
SIGTERM: [libjvm.so+0xb1fdd0], sa_mask[0]=11111111011111111101111111111110, sa_flags=SA_RESTART|SA_SIGINFO
SIGQUIT: [libjvm.so+0xb1fdd0], sa_mask[0]=11111111011111111101111111111110, sa_flags=SA_RESTART|SA_SIGINFO


---------------  S Y S T E M  ---------------

OS:DISTRIB_ID=ManjaroLinux
DISTRIB_RELEASE=18.0.0-rc
DISTRIB_CODENAME=Illyria
DISTRIB_DESCRIPTION="Manjaro Linux"
uname:Linux 4.14.74-1-MANJARO #1 SMP PREEMPT Fri Oct 5 14:16:52 UTC 2018 x86_64
libc:glibc 2.28 NPTL 2.28 
rlimit: STACK 8192k, CORE infinity, NPROC 31318, NOFILE 4096, AS infinity, DATA infinity, FSIZE infinity
load average:0.25 0.56 0.44

/proc/meminfo:
MemTotal:        8082496 kB
MemFree:         4298948 kB
MemAvailable:    5121080 kB
Buffers:           74740 kB
Cached:          1222844 kB
SwapCached:            0 kB
Active:          2330516 kB
Inactive:        1207024 kB
Active(anon):    1970928 kB
Inactive(anon):   552000 kB
Active(file):     359588 kB
Inactive(file):   655024 kB
Unevictable:          32 kB
Mlocked:              32 kB
SwapTotal:             0 kB
SwapFree:              0 kB
Dirty:                40 kB
Writeback:             0 kB
AnonPages:       2227952 kB
Mapped:           475148 kB
Shmem:            560080 kB
Slab:             115792 kB
SReclaimable:      62916 kB
SUnreclaim:        52876 kB
KernelStack:       10640 kB
PageTables:        37224 kB
NFS_Unstable:          0 kB
Bounce:                0 kB
WritebackTmp:          0 kB
CommitLimit:     4041248 kB
Committed_AS:    7636292 kB
VmallocTotal:   34359738367 kB
VmallocUsed:           0 kB
VmallocChunk:          0 kB
HardwareCorrupted:     0 kB
AnonHugePages:    501760 kB
ShmemHugePages:        0 kB
ShmemPmdMapped:        0 kB
HugePages_Total:       0
HugePages_Free:        0
HugePages_Rsvd:        0
HugePages_Surp:        0
Hugepagesize:       2048 kB
DirectMap4k:      144380 kB
DirectMap2M:     8155136 kB

container (cgroup) information:
container_type: cgroupv1
cpu_cpuset_cpus: 0-3
cpu_memory_nodes: 0
active_processor_count: 4
cpu_quota: -1
cpu_period: 100000
cpu_shares: -1
memory_limit_in_bytes: -1
memory_and_swap_limit_in_bytes: -1
memory_soft_limit_in_bytes: -1
memory_usage_in_bytes: 3179196416
memory_max_usage_in_bytes: 3184189440


CPU:total 4 (initial active 4) (2 cores per cpu, 2 threads per core) family 6 model 42 stepping 7, cmov, cx8, fxsr, mmx, sse, sse2, sse3, ssse3, sse4.1, sse4.2, popcnt, avx, aes, clmul, ht, tsc, tscinvbit
CPU Model and flags from /proc/cpuinfo:
model name	: Intel(R) Core(TM) i5-2415M CPU @ 2.30GHz
flags		: fpu vme de pse tsc msr pae mce cx8 apic sep mtrr pge mca cmov pat pse36 clflush dts acpi mmx fxsr sse sse2 ss ht tm pbe syscall nx rdtscp lm constant_tsc arch_perfmon pebs bts rep_good nopl xtopology nonstop_tsc cpuid aperfmperf pni pclmulqdq dtes64 monitor ds_cpl vmx est tm2 ssse3 cx16 xtpr pdcm pcid sse4_1 sse4_2 x2apic popcnt tsc_deadline_timer aes xsave avx lahf_lm pti ssbd ibrs ibpb stibp tpr_shadow vnmi flexpriority ept vpid xsaveopt dtherm ida arat pln pts flush_l1d

Memory: 4k page, physical 8082496k(4298948k free), swap 0k(0k free)

vm_info: OpenJDK 64-Bit Server VM (10.0.2+13) for linux-amd64 JRE (10.0.2+13), built on Jul 30 2018 22:56:03 by "builduser" with gcc 8.1.1 20180531

END.
